<?xml version="1.0" encoding="UTF-8"?>
<testsuite name="DFSMazeTest" tests="1" skipped="0" failures="1" errors="0" timestamp="2023-11-27T02:54:51" hostname="DESKTOP-967MJDO" time="0.189">
  <properties/>
  <testcase name="input09()" classname="DFSMazeTest" time="0.189">
    <failure message="org.opentest4j.AssertionFailedError: expected: &lt;684&gt; but was: &lt;706&gt;" type="org.opentest4j.AssertionFailedError">org.opentest4j.AssertionFailedError: expected: &lt;684&gt; but was: &lt;706&gt;
	at org.junit.jupiter.api.AssertionUtils.fail(AssertionUtils.java:55)
	at org.junit.jupiter.api.AssertionUtils.failNotEqual(AssertionUtils.java:62)
	at org.junit.jupiter.api.AssertEquals.assertEquals(AssertEquals.java:182)
	at org.junit.jupiter.api.AssertEquals.assertEquals(AssertEquals.java:177)
	at org.junit.jupiter.api.Assertions.assertEquals(Assertions.java:534)
	at DFSMazeTest.input09(DFSMazeTest.java:139)
	at java.base/jdk.internal.reflect.NativeMethodAccessorImpl.invoke0(Native Method)
	at java.base/jdk.internal.reflect.NativeMethodAccessorImpl.invoke(NativeMethodAccessorImpl.java:77)
	at java.base/jdk.internal.reflect.DelegatingMethodAccessorImpl.invoke(DelegatingMethodAccessorImpl.java:43)
	at java.base/java.lang.reflect.Method.invoke(Method.java:568)
	at org.junit.platform.commons.util.ReflectionUtils.invokeMethod(ReflectionUtils.java:725)
	at org.junit.jupiter.engine.execution.MethodInvocation.proceed(MethodInvocation.java:60)
	at org.junit.jupiter.engine.execution.InvocationInterceptorChain$ValidatingInvocation.proceed(InvocationInterceptorChain.java:131)
	at org.junit.jupiter.engine.extension.TimeoutExtension.intercept(TimeoutExtension.java:149)
	at org.junit.jupiter.engine.extension.TimeoutExtension.interceptTestableMethod(TimeoutExtension.java:140)
	at org.junit.jupiter.engine.extension.TimeoutExtension.interceptTestMethod(TimeoutExtension.java:84)
	at org.junit.jupiter.engine.execution.ExecutableInvoker$ReflectiveInterceptorCall.lambda$ofVoidMethod$0(ExecutableInvoker.java:115)
	at org.junit.jupiter.engine.execution.ExecutableInvoker.lambda$invoke$0(ExecutableInvoker.java:105)
	at org.junit.jupiter.engine.execution.InvocationInterceptorChain$InterceptedInvocation.proceed(InvocationInterceptorChain.java:106)
	at org.junit.jupiter.engine.execution.InvocationInterceptorChain.proceed(InvocationInterceptorChain.java:64)
	at org.junit.jupiter.engine.execution.InvocationInterceptorChain.chainAndInvoke(InvocationInterceptorChain.java:45)
	at org.junit.jupiter.engine.execution.InvocationInterceptorChain.invoke(InvocationInterceptorChain.java:37)
	at org.junit.jupiter.engine.execution.ExecutableInvoker.invoke(ExecutableInvoker.java:104)
	at org.junit.jupiter.engine.execution.ExecutableInvoker.invoke(ExecutableInvoker.java:98)
	at org.junit.jupiter.engine.descriptor.TestMethodTestDescriptor.lambda$invokeTestMethod$7(TestMethodTestDescriptor.java:214)
	at org.junit.platform.engine.support.hierarchical.ThrowableCollector.execute(ThrowableCollector.java:73)
	at org.junit.jupiter.engine.descriptor.TestMethodTestDescriptor.invokeTestMethod(TestMethodTestDescriptor.java:210)
	at org.junit.jupiter.engine.descriptor.TestMethodTestDescriptor.execute(TestMethodTestDescriptor.java:135)
	at org.junit.jupiter.engine.descriptor.TestMethodTestDescriptor.execute(TestMethodTestDescriptor.java:66)
	at org.junit.platform.engine.support.hierarchical.NodeTestTask.lambda$executeRecursively$6(NodeTestTask.java:151)
	at org.junit.platform.engine.support.hierarchical.ThrowableCollector.execute(ThrowableCollector.java:73)
	at org.junit.platform.engine.support.hierarchical.NodeTestTask.lambda$executeRecursively$8(NodeTestTask.java:141)
	at org.junit.platform.engine.support.hierarchical.Node.around(Node.java:137)
	at org.junit.platform.engine.support.hierarchical.NodeTestTask.lambda$executeRecursively$9(NodeTestTask.java:139)
	at org.junit.platform.engine.support.hierarchical.ThrowableCollector.execute(ThrowableCollector.java:73)
	at org.junit.platform.engine.support.hierarchical.NodeTestTask.executeRecursively(NodeTestTask.java:138)
	at org.junit.platform.engine.support.hierarchical.NodeTestTask.execute(NodeTestTask.java:95)
	at java.base/java.util.ArrayList.forEach(ArrayList.java:1511)
	at org.junit.platform.engine.support.hierarchical.SameThreadHierarchicalTestExecutorService.invokeAll(SameThreadHierarchicalTestExecutorService.java:41)
	at org.junit.platform.engine.support.hierarchical.NodeTestTask.lambda$executeRecursively$6(NodeTestTask.java:155)
	at org.junit.platform.engine.support.hierarchical.ThrowableCollector.execute(ThrowableCollector.java:73)
	at org.junit.platform.engine.support.hierarchical.NodeTestTask.lambda$executeRecursively$8(NodeTestTask.java:141)
	at org.junit.platform.engine.support.hierarchical.Node.around(Node.java:137)
	at org.junit.platform.engine.support.hierarchical.NodeTestTask.lambda$executeRecursively$9(NodeTestTask.java:139)
	at org.junit.platform.engine.support.hierarchical.ThrowableCollector.execute(ThrowableCollector.java:73)
	at org.junit.platform.engine.support.hierarchical.NodeTestTask.executeRecursively(NodeTestTask.java:138)
	at org.junit.platform.engine.support.hierarchical.NodeTestTask.execute(NodeTestTask.java:95)
	at java.base/java.util.ArrayList.forEach(ArrayList.java:1511)
	at org.junit.platform.engine.support.hierarchical.SameThreadHierarchicalTestExecutorService.invokeAll(SameThreadHierarchicalTestExecutorService.java:41)
	at org.junit.platform.engine.support.hierarchical.NodeTestTask.lambda$executeRecursively$6(NodeTestTask.java:155)
	at org.junit.platform.engine.support.hierarchical.ThrowableCollector.execute(ThrowableCollector.java:73)
	at org.junit.platform.engine.support.hierarchical.NodeTestTask.lambda$executeRecursively$8(NodeTestTask.java:141)
	at org.junit.platform.engine.support.hierarchical.Node.around(Node.java:137)
	at org.junit.platform.engine.support.hierarchical.NodeTestTask.lambda$executeRecursively$9(NodeTestTask.java:139)
	at org.junit.platform.engine.support.hierarchical.ThrowableCollector.execute(ThrowableCollector.java:73)
	at org.junit.platform.engine.support.hierarchical.NodeTestTask.executeRecursively(NodeTestTask.java:138)
	at org.junit.platform.engine.support.hierarchical.NodeTestTask.execute(NodeTestTask.java:95)
	at org.junit.platform.engine.support.hierarchical.SameThreadHierarchicalTestExecutorService.submit(SameThreadHierarchicalTestExecutorService.java:35)
	at org.junit.platform.engine.support.hierarchical.HierarchicalTestExecutor.execute(HierarchicalTestExecutor.java:57)
	at org.junit.platform.engine.support.hierarchical.HierarchicalTestEngine.execute(HierarchicalTestEngine.java:54)
	at org.junit.platform.launcher.core.EngineExecutionOrchestrator.execute(EngineExecutionOrchestrator.java:108)
	at org.junit.platform.launcher.core.EngineExecutionOrchestrator.execute(EngineExecutionOrchestrator.java:88)
	at org.junit.platform.launcher.core.EngineExecutionOrchestrator.lambda$execute$0(EngineExecutionOrchestrator.java:54)
	at org.junit.platform.launcher.core.EngineExecutionOrchestrator.withInterceptedStreams(EngineExecutionOrchestrator.java:67)
	at org.junit.platform.launcher.core.EngineExecutionOrchestrator.execute(EngineExecutionOrchestrator.java:52)
	at org.junit.platform.launcher.core.DefaultLauncher.execute(DefaultLauncher.java:96)
	at org.junit.platform.launcher.core.DefaultLauncher.execute(DefaultLauncher.java:75)
	at org.gradle.api.internal.tasks.testing.junitplatform.JUnitPlatformTestClassProcessor$CollectAllTestClassesExecutor.processAllTestClasses(JUnitPlatformTestClassProcessor.java:99)
	at org.gradle.api.internal.tasks.testing.junitplatform.JUnitPlatformTestClassProcessor$CollectAllTestClassesExecutor.access$000(JUnitPlatformTestClassProcessor.java:79)
	at org.gradle.api.internal.tasks.testing.junitplatform.JUnitPlatformTestClassProcessor.stop(JUnitPlatformTestClassProcessor.java:75)
	at org.gradle.api.internal.tasks.testing.SuiteTestClassProcessor.stop(SuiteTestClassProcessor.java:61)
	at java.base/jdk.internal.reflect.NativeMethodAccessorImpl.invoke0(Native Method)
	at java.base/jdk.internal.reflect.NativeMethodAccessorImpl.invoke(NativeMethodAccessorImpl.java:77)
	at java.base/jdk.internal.reflect.DelegatingMethodAccessorImpl.invoke(DelegatingMethodAccessorImpl.java:43)
	at java.base/java.lang.reflect.Method.invoke(Method.java:568)
	at org.gradle.internal.dispatch.ReflectionDispatch.dispatch(ReflectionDispatch.java:36)
	at org.gradle.internal.dispatch.ReflectionDispatch.dispatch(ReflectionDispatch.java:24)
	at org.gradle.internal.dispatch.ContextClassLoaderDispatch.dispatch(ContextClassLoaderDispatch.java:33)
	at org.gradle.internal.dispatch.ProxyDispatchAdapter$DispatchingInvocationHandler.invoke(ProxyDispatchAdapter.java:94)
	at jdk.proxy1/jdk.proxy1.$Proxy2.stop(Unknown Source)
	at org.gradle.api.internal.tasks.testing.worker.TestWorker$3.run(TestWorker.java:193)
	at org.gradle.api.internal.tasks.testing.worker.TestWorker.executeAndMaintainThreadName(TestWorker.java:129)
	at org.gradle.api.internal.tasks.testing.worker.TestWorker.execute(TestWorker.java:100)
	at org.gradle.api.internal.tasks.testing.worker.TestWorker.execute(TestWorker.java:60)
	at org.gradle.process.internal.worker.child.ActionExecutionWorker.execute(ActionExecutionWorker.java:56)
	at org.gradle.process.internal.worker.child.SystemApplicationClassLoaderWorker.call(SystemApplicationClassLoaderWorker.java:133)
	at org.gradle.process.internal.worker.child.SystemApplicationClassLoaderWorker.call(SystemApplicationClassLoaderWorker.java:71)
	at worker.org.gradle.process.internal.worker.GradleWorkerMain.run(GradleWorkerMain.java:69)
	at worker.org.gradle.process.internal.worker.GradleWorkerMain.main(GradleWorkerMain.java:74)
</failure>
  </testcase>
  <system-out><![CDATA[Nodes in Stack current iteration: 1
Nodes in Stack current iteration: 1
Nodes in Stack current iteration: 2
Nodes in Stack current iteration: 2
Nodes in Stack current iteration: 2
Nodes in Stack current iteration: 2
Nodes in Stack current iteration: 3
Nodes in Stack current iteration: 4
Nodes in Stack current iteration: 4
Nodes in Stack current iteration: 4
Nodes in Stack current iteration: 3
Nodes in Stack current iteration: 2
Nodes in Stack current iteration: 2
Nodes in Stack current iteration: 2
Nodes in Stack current iteration: 2
Nodes in Stack current iteration: 2
Nodes in Stack current iteration: 2
Nodes in Stack current iteration: 2
Nodes in Stack current iteration: 2
Nodes in Stack current iteration: 2
Nodes in Stack current iteration: 2
Nodes in Stack current iteration: 2
Nodes in Stack current iteration: 2
Nodes in Stack current iteration: 2
Nodes in Stack current iteration: 2
Nodes in Stack current iteration: 2
Nodes in Stack current iteration: 2
Nodes in Stack current iteration: 3
Nodes in Stack current iteration: 3
Nodes in Stack current iteration: 3
Nodes in Stack current iteration: 4
Nodes in Stack current iteration: 5
Nodes in Stack current iteration: 5
Nodes in Stack current iteration: 5
Nodes in Stack current iteration: 5
Nodes in Stack current iteration: 5
Nodes in Stack current iteration: 5
Nodes in Stack current iteration: 5
Nodes in Stack current iteration: 5
Nodes in Stack current iteration: 5
Nodes in Stack current iteration: 5
Nodes in Stack current iteration: 5
Nodes in Stack current iteration: 5
Nodes in Stack current iteration: 4
Nodes in Stack current iteration: 4
Nodes in Stack current iteration: 4
Nodes in Stack current iteration: 4
Nodes in Stack current iteration: 5
Nodes in Stack current iteration: 5
Nodes in Stack current iteration: 5
Nodes in Stack current iteration: 5
Nodes in Stack current iteration: 4
Nodes in Stack current iteration: 4
Nodes in Stack current iteration: 5
Nodes in Stack current iteration: 5
Nodes in Stack current iteration: 6
Nodes in Stack current iteration: 6
Nodes in Stack current iteration: 6
Nodes in Stack current iteration: 6
Nodes in Stack current iteration: 6
Nodes in Stack current iteration: 6
Nodes in Stack current iteration: 6
Nodes in Stack current iteration: 6
Nodes in Stack current iteration: 5
Nodes in Stack current iteration: 5
Nodes in Stack current iteration: 5
Nodes in Stack current iteration: 5
Nodes in Stack current iteration: 5
Nodes in Stack current iteration: 5
Nodes in Stack current iteration: 5
Nodes in Stack current iteration: 5
Nodes in Stack current iteration: 5
Nodes in Stack current iteration: 5
Nodes in Stack current iteration: 5
Nodes in Stack current iteration: 5
Nodes in Stack current iteration: 5
Nodes in Stack current iteration: 5
Nodes in Stack current iteration: 5
Nodes in Stack current iteration: 5
Nodes in Stack current iteration: 5
Nodes in Stack current iteration: 5
Nodes in Stack current iteration: 5
Nodes in Stack current iteration: 5
Nodes in Stack current iteration: 5
Nodes in Stack current iteration: 5
Nodes in Stack current iteration: 5
Nodes in Stack current iteration: 5
Nodes in Stack current iteration: 5
Nodes in Stack current iteration: 5
Nodes in Stack current iteration: 5
Nodes in Stack current iteration: 5
Nodes in Stack current iteration: 5
Nodes in Stack current iteration: 5
Nodes in Stack current iteration: 5
Nodes in Stack current iteration: 5
Nodes in Stack current iteration: 5
Nodes in Stack current iteration: 6
Nodes in Stack current iteration: 6
Nodes in Stack current iteration: 6
Nodes in Stack current iteration: 6
Nodes in Stack current iteration: 6
Nodes in Stack current iteration: 6
Nodes in Stack current iteration: 6
Nodes in Stack current iteration: 6
Nodes in Stack current iteration: 6
Nodes in Stack current iteration: 6
Nodes in Stack current iteration: 6
Nodes in Stack current iteration: 6
Nodes in Stack current iteration: 6
Nodes in Stack current iteration: 7
Nodes in Stack current iteration: 7
Nodes in Stack current iteration: 6
Nodes in Stack current iteration: 6
Nodes in Stack current iteration: 6
Nodes in Stack current iteration: 6
Nodes in Stack current iteration: 6
Nodes in Stack current iteration: 6
Nodes in Stack current iteration: 6
Nodes in Stack current iteration: 6
Nodes in Stack current iteration: 6
Nodes in Stack current iteration: 6
Nodes in Stack current iteration: 7
Nodes in Stack current iteration: 7
Nodes in Stack current iteration: 8
Nodes in Stack current iteration: 8
Nodes in Stack current iteration: 8
Nodes in Stack current iteration: 8
Nodes in Stack current iteration: 8
Nodes in Stack current iteration: 8
Nodes in Stack current iteration: 8
Nodes in Stack current iteration: 8
Nodes in Stack current iteration: 8
Nodes in Stack current iteration: 8
Nodes in Stack current iteration: 9
Nodes in Stack current iteration: 9
Nodes in Stack current iteration: 9
Nodes in Stack current iteration: 10
Nodes in Stack current iteration: 11
Nodes in Stack current iteration: 11
Nodes in Stack current iteration: 11
Nodes in Stack current iteration: 11
Nodes in Stack current iteration: 10
Nodes in Stack current iteration: 10
Nodes in Stack current iteration: 10
Nodes in Stack current iteration: 10
Nodes in Stack current iteration: 10
Nodes in Stack current iteration: 10
Nodes in Stack current iteration: 10
Nodes in Stack current iteration: 10
Nodes in Stack current iteration: 11
Nodes in Stack current iteration: 11
Nodes in Stack current iteration: 10
Nodes in Stack current iteration: 10
Nodes in Stack current iteration: 10
Nodes in Stack current iteration: 10
Nodes in Stack current iteration: 10
Nodes in Stack current iteration: 10
Nodes in Stack current iteration: 10
Nodes in Stack current iteration: 10
Nodes in Stack current iteration: 10
Nodes in Stack current iteration: 10
Nodes in Stack current iteration: 10
Nodes in Stack current iteration: 10
Nodes in Stack current iteration: 10
Nodes in Stack current iteration: 10
Nodes in Stack current iteration: 11
Nodes in Stack current iteration: 11
Nodes in Stack current iteration: 10
Nodes in Stack current iteration: 10
Nodes in Stack current iteration: 10
Nodes in Stack current iteration: 10
Nodes in Stack current iteration: 10
Nodes in Stack current iteration: 10
Nodes in Stack current iteration: 9
Nodes in Stack current iteration: 8
Nodes in Stack current iteration: 8
Nodes in Stack current iteration: 8
Nodes in Stack current iteration: 8
Nodes in Stack current iteration: 8
Nodes in Stack current iteration: 8
Nodes in Stack current iteration: 8
Nodes in Stack current iteration: 8
Nodes in Stack current iteration: 8
Nodes in Stack current iteration: 8
Nodes in Stack current iteration: 8
Nodes in Stack current iteration: 8
Nodes in Stack current iteration: 8
Nodes in Stack current iteration: 8
Nodes in Stack current iteration: 9
Nodes in Stack current iteration: 9
Nodes in Stack current iteration: 9
Nodes in Stack current iteration: 9
Nodes in Stack current iteration: 9
Nodes in Stack current iteration: 9
Nodes in Stack current iteration: 9
Nodes in Stack current iteration: 9
Nodes in Stack current iteration: 9
Nodes in Stack current iteration: 9
Nodes in Stack current iteration: 9
Nodes in Stack current iteration: 9
Nodes in Stack current iteration: 9
Nodes in Stack current iteration: 9
Nodes in Stack current iteration: 9
Nodes in Stack current iteration: 9
Nodes in Stack current iteration: 9
Nodes in Stack current iteration: 9
Nodes in Stack current iteration: 10
Nodes in Stack current iteration: 10
Nodes in Stack current iteration: 11
Nodes in Stack current iteration: 11
Nodes in Stack current iteration: 11
Nodes in Stack current iteration: 11
Nodes in Stack current iteration: 11
Nodes in Stack current iteration: 11
Nodes in Stack current iteration: 11
Nodes in Stack current iteration: 11
Nodes in Stack current iteration: 11
Nodes in Stack current iteration: 11
Nodes in Stack current iteration: 11
Nodes in Stack current iteration: 11
Nodes in Stack current iteration: 12
Nodes in Stack current iteration: 12
Nodes in Stack current iteration: 11
Nodes in Stack current iteration: 11
Nodes in Stack current iteration: 11
Nodes in Stack current iteration: 11
Nodes in Stack current iteration: 10
Nodes in Stack current iteration: 10
Nodes in Stack current iteration: 10
Nodes in Stack current iteration: 10
Nodes in Stack current iteration: 9
Nodes in Stack current iteration: 9
Nodes in Stack current iteration: 9
Nodes in Stack current iteration: 9
Nodes in Stack current iteration: 9
Nodes in Stack current iteration: 9
Nodes in Stack current iteration: 9
Nodes in Stack current iteration: 9
Nodes in Stack current iteration: 9
Nodes in Stack current iteration: 9
Nodes in Stack current iteration: 9
Nodes in Stack current iteration: 9
Nodes in Stack current iteration: 9
Nodes in Stack current iteration: 9
Nodes in Stack current iteration: 9
Nodes in Stack current iteration: 10
Nodes in Stack current iteration: 10
Nodes in Stack current iteration: 10
Nodes in Stack current iteration: 10
Nodes in Stack current iteration: 10
Nodes in Stack current iteration: 10
Nodes in Stack current iteration: 10
Nodes in Stack current iteration: 10
Nodes in Stack current iteration: 10
Nodes in Stack current iteration: 11
Nodes in Stack current iteration: 11
Nodes in Stack current iteration: 11
Nodes in Stack current iteration: 11
Nodes in Stack current iteration: 10
Nodes in Stack current iteration: 10
Nodes in Stack current iteration: 10
Nodes in Stack current iteration: 10
Nodes in Stack current iteration: 10
Nodes in Stack current iteration: 10
Nodes in Stack current iteration: 10
Nodes in Stack current iteration: 10
Nodes in Stack current iteration: 11
Nodes in Stack current iteration: 11
Nodes in Stack current iteration: 11
Nodes in Stack current iteration: 11
Nodes in Stack current iteration: 11
Nodes in Stack current iteration: 12
Nodes in Stack current iteration: 12
Nodes in Stack current iteration: 12
Nodes in Stack current iteration: 12
Nodes in Stack current iteration: 12
Nodes in Stack current iteration: 13
Nodes in Stack current iteration: 14
Nodes in Stack current iteration: 15
Nodes in Stack current iteration: 15
Nodes in Stack current iteration: 15
Nodes in Stack current iteration: 15
Nodes in Stack current iteration: 15
Nodes in Stack current iteration: 15
Nodes in Stack current iteration: 14
Nodes in Stack current iteration: 14
Nodes in Stack current iteration: 14
Nodes in Stack current iteration: 14
Nodes in Stack current iteration: 15
Nodes in Stack current iteration: 15
Nodes in Stack current iteration: 15
Nodes in Stack current iteration: 15
Nodes in Stack current iteration: 15
Nodes in Stack current iteration: 15
Nodes in Stack current iteration: 15
Nodes in Stack current iteration: 15
Nodes in Stack current iteration: 15
Nodes in Stack current iteration: 15
Nodes in Stack current iteration: 16
Nodes in Stack current iteration: 16
Nodes in Stack current iteration: 16
Nodes in Stack current iteration: 16
Nodes in Stack current iteration: 16
Nodes in Stack current iteration: 16
Nodes in Stack current iteration: 16
Nodes in Stack current iteration: 16
Nodes in Stack current iteration: 16
Nodes in Stack current iteration: 16
Nodes in Stack current iteration: 17
Nodes in Stack current iteration: 18
Nodes in Stack current iteration: 18
Nodes in Stack current iteration: 18
Nodes in Stack current iteration: 18
Nodes in Stack current iteration: 18
Nodes in Stack current iteration: 18
Nodes in Stack current iteration: 18
Nodes in Stack current iteration: 18
Nodes in Stack current iteration: 18
Nodes in Stack current iteration: 18
Nodes in Stack current iteration: 18
Nodes in Stack current iteration: 18
Nodes in Stack current iteration: 18
Nodes in Stack current iteration: 19
Nodes in Stack current iteration: 19
Nodes in Stack current iteration: 19
Nodes in Stack current iteration: 19
Nodes in Stack current iteration: 19
Nodes in Stack current iteration: 19
Nodes in Stack current iteration: 19
Nodes in Stack current iteration: 19
Nodes in Stack current iteration: 18
Nodes in Stack current iteration: 18
Nodes in Stack current iteration: 18
Nodes in Stack current iteration: 18
Nodes in Stack current iteration: 18
Nodes in Stack current iteration: 18
Nodes in Stack current iteration: 18
Nodes in Stack current iteration: 18
Nodes in Stack current iteration: 18
Nodes in Stack current iteration: 18
Nodes in Stack current iteration: 18
Nodes in Stack current iteration: 18
Nodes in Stack current iteration: 18
Nodes in Stack current iteration: 18
Nodes in Stack current iteration: 18
Nodes in Stack current iteration: 18
Nodes in Stack current iteration: 18
Nodes in Stack current iteration: 18
Nodes in Stack current iteration: 17
Nodes in Stack current iteration: 17
Nodes in Stack current iteration: 18
Nodes in Stack current iteration: 17
Nodes in Stack current iteration: 16
Nodes in Stack current iteration: 15
Nodes in Stack current iteration: 15
Nodes in Stack current iteration: 15
Nodes in Stack current iteration: 15
Nodes in Stack current iteration: 16
Nodes in Stack current iteration: 16
Nodes in Stack current iteration: 16
Nodes in Stack current iteration: 16
Nodes in Stack current iteration: 15
Nodes in Stack current iteration: 15
Nodes in Stack current iteration: 14
Nodes in Stack current iteration: 14
Nodes in Stack current iteration: 14
Nodes in Stack current iteration: 14
Nodes in Stack current iteration: 14
Nodes in Stack current iteration: 14
Nodes in Stack current iteration: 14
Nodes in Stack current iteration: 14
Nodes in Stack current iteration: 14
Nodes in Stack current iteration: 14
Nodes in Stack current iteration: 13
Nodes in Stack current iteration: 12
Nodes in Stack current iteration: 12
Nodes in Stack current iteration: 12
Nodes in Stack current iteration: 12
Nodes in Stack current iteration: 11
Nodes in Stack current iteration: 10
Nodes in Stack current iteration: 10
Nodes in Stack current iteration: 10
Nodes in Stack current iteration: 10
Nodes in Stack current iteration: 10
Nodes in Stack current iteration: 10
Nodes in Stack current iteration: 10
Nodes in Stack current iteration: 10
Nodes in Stack current iteration: 10
Nodes in Stack current iteration: 10
Nodes in Stack current iteration: 10
Nodes in Stack current iteration: 10
Nodes in Stack current iteration: 11
Nodes in Stack current iteration: 11
Nodes in Stack current iteration: 11
Nodes in Stack current iteration: 11
Nodes in Stack current iteration: 11
Nodes in Stack current iteration: 11
Nodes in Stack current iteration: 11
Nodes in Stack current iteration: 11
Nodes in Stack current iteration: 11
Nodes in Stack current iteration: 11
Nodes in Stack current iteration: 11
Nodes in Stack current iteration: 11
Nodes in Stack current iteration: 11
Nodes in Stack current iteration: 11
Nodes in Stack current iteration: 11
Nodes in Stack current iteration: 11
Nodes in Stack current iteration: 11
Nodes in Stack current iteration: 11
Nodes in Stack current iteration: 11
Nodes in Stack current iteration: 11
Nodes in Stack current iteration: 11
Nodes in Stack current iteration: 11
Nodes in Stack current iteration: 11
Nodes in Stack current iteration: 11
Nodes in Stack current iteration: 11
Nodes in Stack current iteration: 11
Nodes in Stack current iteration: 11
Nodes in Stack current iteration: 12
Nodes in Stack current iteration: 12
Nodes in Stack current iteration: 12
Nodes in Stack current iteration: 12
Nodes in Stack current iteration: 12
Nodes in Stack current iteration: 11
Nodes in Stack current iteration: 10
Nodes in Stack current iteration: 10
Nodes in Stack current iteration: 10
Nodes in Stack current iteration: 10
Nodes in Stack current iteration: 11
Nodes in Stack current iteration: 12
Nodes in Stack current iteration: 12
Nodes in Stack current iteration: 12
Nodes in Stack current iteration: 12
Nodes in Stack current iteration: 12
Nodes in Stack current iteration: 12
Nodes in Stack current iteration: 12
Nodes in Stack current iteration: 12
Nodes in Stack current iteration: 12
Nodes in Stack current iteration: 12
Nodes in Stack current iteration: 12
Nodes in Stack current iteration: 12
Nodes in Stack current iteration: 12
Nodes in Stack current iteration: 12
Nodes in Stack current iteration: 12
Nodes in Stack current iteration: 12
Nodes in Stack current iteration: 12
Nodes in Stack current iteration: 12
Nodes in Stack current iteration: 12
Nodes in Stack current iteration: 12
Nodes in Stack current iteration: 12
Nodes in Stack current iteration: 11
Nodes in Stack current iteration: 10
Nodes in Stack current iteration: 10
Nodes in Stack current iteration: 10
Nodes in Stack current iteration: 10
Nodes in Stack current iteration: 10
Nodes in Stack current iteration: 10
Nodes in Stack current iteration: 10
Nodes in Stack current iteration: 10
Nodes in Stack current iteration: 10
Nodes in Stack current iteration: 10
Nodes in Stack current iteration: 10
Nodes in Stack current iteration: 10
Nodes in Stack current iteration: 10
Nodes in Stack current iteration: 10
Nodes in Stack current iteration: 9
Nodes in Stack current iteration: 8
Nodes in Stack current iteration: 8
Nodes in Stack current iteration: 9
Nodes in Stack current iteration: 9
Nodes in Stack current iteration: 9
Nodes in Stack current iteration: 9
Nodes in Stack current iteration: 10
Nodes in Stack current iteration: 11
Nodes in Stack current iteration: 11
Nodes in Stack current iteration: 11
Nodes in Stack current iteration: 11
Nodes in Stack current iteration: 11
Nodes in Stack current iteration: 12
Nodes in Stack current iteration: 12
Nodes in Stack current iteration: 11
Nodes in Stack current iteration: 11
Nodes in Stack current iteration: 11
Nodes in Stack current iteration: 11
Nodes in Stack current iteration: 11
Nodes in Stack current iteration: 11
Nodes in Stack current iteration: 11
Nodes in Stack current iteration: 11
Nodes in Stack current iteration: 10
Nodes in Stack current iteration: 9
Nodes in Stack current iteration: 9
Nodes in Stack current iteration: 9
Nodes in Stack current iteration: 9
Nodes in Stack current iteration: 9
Nodes in Stack current iteration: 9
Nodes in Stack current iteration: 9
Nodes in Stack current iteration: 9
Nodes in Stack current iteration: 9
Nodes in Stack current iteration: 9
Nodes in Stack current iteration: 9
Nodes in Stack current iteration: 9
Nodes in Stack current iteration: 9
Nodes in Stack current iteration: 9
Nodes in Stack current iteration: 9
Nodes in Stack current iteration: 9
Nodes in Stack current iteration: 9
Nodes in Stack current iteration: 9
Nodes in Stack current iteration: 9
Nodes in Stack current iteration: 9
Nodes in Stack current iteration: 9
Nodes in Stack current iteration: 9
Nodes in Stack current iteration: 9
Nodes in Stack current iteration: 9
Nodes in Stack current iteration: 9
Nodes in Stack current iteration: 9
Nodes in Stack current iteration: 8
Nodes in Stack current iteration: 8
Nodes in Stack current iteration: 8
Nodes in Stack current iteration: 8
Nodes in Stack current iteration: 9
Nodes in Stack current iteration: 9
Nodes in Stack current iteration: 8
Nodes in Stack current iteration: 8
Nodes in Stack current iteration: 8
Nodes in Stack current iteration: 8
Nodes in Stack current iteration: 8
Nodes in Stack current iteration: 8
Nodes in Stack current iteration: 8
Nodes in Stack current iteration: 8
Nodes in Stack current iteration: 9
Nodes in Stack current iteration: 9
Nodes in Stack current iteration: 9
Nodes in Stack current iteration: 9
Nodes in Stack current iteration: 8
Nodes in Stack current iteration: 8
Nodes in Stack current iteration: 7
Nodes in Stack current iteration: 7
Nodes in Stack current iteration: 6
Nodes in Stack current iteration: 6
Nodes in Stack current iteration: 6
Nodes in Stack current iteration: 6
Nodes in Stack current iteration: 6
Nodes in Stack current iteration: 6
Nodes in Stack current iteration: 6
Nodes in Stack current iteration: 6
Nodes in Stack current iteration: 6
Nodes in Stack current iteration: 7
Nodes in Stack current iteration: 7
Nodes in Stack current iteration: 7
Nodes in Stack current iteration: 7
Nodes in Stack current iteration: 7
Nodes in Stack current iteration: 7
Nodes in Stack current iteration: 7
Nodes in Stack current iteration: 6
Nodes in Stack current iteration: 5
Nodes in Stack current iteration: 4
Nodes in Stack current iteration: 4
Nodes in Stack current iteration: 4
Nodes in Stack current iteration: 4
Nodes in Stack current iteration: 4
Nodes in Stack current iteration: 4
Nodes in Stack current iteration: 4
Nodes in Stack current iteration: 4
Nodes in Stack current iteration: 4
Nodes in Stack current iteration: 4
Nodes in Stack current iteration: 4
Nodes in Stack current iteration: 4
Nodes in Stack current iteration: 4
Nodes in Stack current iteration: 4
Nodes in Stack current iteration: 4
Nodes in Stack current iteration: 4
Nodes in Stack current iteration: 5
Nodes in Stack current iteration: 5
Nodes in Stack current iteration: 5
Nodes in Stack current iteration: 5
Nodes in Stack current iteration: 6
Nodes in Stack current iteration: 6
Nodes in Stack current iteration: 7
Nodes in Stack current iteration: 7
Nodes in Stack current iteration: 6
Nodes in Stack current iteration: 6
Nodes in Stack current iteration: 6
Nodes in Stack current iteration: 6
Nodes in Stack current iteration: 6
Nodes in Stack current iteration: 6
Nodes in Stack current iteration: 6
Nodes in Stack current iteration: 6
Nodes in Stack current iteration: 6
Nodes in Stack current iteration: 6
Nodes in Stack current iteration: 6
Nodes in Stack current iteration: 6
Nodes in Stack current iteration: 6
Nodes in Stack current iteration: 6
Nodes in Stack current iteration: 6
Nodes in Stack current iteration: 6
Nodes in Stack current iteration: 6
Nodes in Stack current iteration: 6
Nodes in Stack current iteration: 6
Nodes in Stack current iteration: 6
Nodes in Stack current iteration: 7
Nodes in Stack current iteration: 7
Nodes in Stack current iteration: 6
Nodes in Stack current iteration: 6
Nodes in Stack current iteration: 7
Nodes in Stack current iteration: 7
Nodes in Stack current iteration: 7
Nodes in Stack current iteration: 7
Nodes in Stack current iteration: 7
Nodes in Stack current iteration: 7
Nodes in Stack current iteration: 7
Nodes in Stack current iteration: 7
Nodes in Stack current iteration: 8
Nodes in Stack current iteration: 9
Nodes in Stack current iteration: 10
Nodes in Stack current iteration: 10
Nodes in Stack current iteration: 9
Nodes in Stack current iteration: 9
Nodes in Stack current iteration: 10
Nodes in Stack current iteration: 11
Nodes in Stack current iteration: 11
Nodes in Stack current iteration: 11
Nodes in Stack current iteration: 11
Nodes in Stack current iteration: 11
Nodes in Stack current iteration: 12
Nodes in Stack current iteration: 12
Nodes in Stack current iteration: 12
Nodes in Stack current iteration: 12
Nodes in Stack current iteration: 12
Nodes in Stack current iteration: 12
Nodes in Stack current iteration: 13
Nodes in Stack current iteration: 13
Nodes in Stack current iteration: 14
Nodes in Stack current iteration: 14
Nodes in Stack current iteration: 14
Nodes in Stack current iteration: 14
Nodes in Stack current iteration: 14
Nodes in Stack current iteration: 14
Nodes in Stack current iteration: 14
Nodes in Stack current iteration: 14
Nodes in Stack current iteration: 14
Nodes in Stack current iteration: 14
Nodes in Stack current iteration: 14
Nodes in Stack current iteration: 14
Nodes in Stack current iteration: 14
Nodes in Stack current iteration: 14
Nodes in Stack current iteration: 14
Nodes in Stack current iteration: 14
Nodes in Stack current iteration: 14
Nodes in Stack current iteration: 14
Nodes in Stack current iteration: 14
Nodes in Stack current iteration: 14
Nodes in Stack current iteration: 14
Nodes in Stack current iteration: 14
Nodes in Stack current iteration: 15
Nodes in Stack current iteration: 15
Nodes in Stack current iteration: 15
Nodes in Stack current iteration: 15
Nodes in Stack current iteration: 15
Nodes in Stack current iteration: 15
Nodes in Stack current iteration: 15
Nodes in Stack current iteration: 15
Nodes in Stack current iteration: 15
Nodes in Stack current iteration: 16
Nodes in Stack current iteration: 16
Nodes in Stack current iteration: 16
Nodes in Stack current iteration: 16
Nodes in Stack current iteration: 16
Nodes in Stack current iteration: 16
Nodes in Stack current iteration: 16
Nodes in Stack current iteration: 16
Nodes in Stack current iteration: 16
Nodes in Stack current iteration: 16
Nodes in Stack current iteration: 16
Nodes in Stack current iteration: 16
Nodes in Stack current iteration: 16
Nodes in Stack current iteration: 16
Nodes in Stack current iteration: 16
Nodes in Stack current iteration: 16
Nodes in Stack current iteration: 16
Nodes in Stack current iteration: 15
Nodes in Stack current iteration: 14
Nodes in Stack current iteration: 14
Nodes in Stack current iteration: 14
Nodes in Stack current iteration: 14
Nodes in Stack current iteration: 14
Nodes in Stack current iteration: 14
Nodes in Stack current iteration: 14
Nodes in Stack current iteration: 14
Nodes in Stack current iteration: 15
Nodes in Stack current iteration: 15
Nodes in Stack current iteration: 15
Nodes in Stack current iteration: 15
Nodes in Stack current iteration: 15
Nodes in Stack current iteration: 15
Nodes in Stack current iteration: 15
Nodes in Stack current iteration: 15
Nodes in Stack current iteration: 15
Nodes in Stack current iteration: 15
Nodes in Stack current iteration: 15
Nodes in Stack current iteration: 16
Nodes in Stack current iteration: 16
Nodes in Stack current iteration: 16
Nodes in Stack current iteration: 17
Nodes in Stack current iteration: 17
Nodes in Stack current iteration: 17
Nodes in Stack current iteration: 17
Nodes in Stack current iteration: 17
Nodes in Stack current iteration: 17
Nodes in Stack current iteration: 17
Nodes in Stack current iteration: 17
Nodes in Stack current iteration: 17
Nodes in Stack current iteration: 17
Nodes in Stack current iteration: 17
Nodes in Stack current iteration: 17
Nodes in Stack current iteration: 17
Nodes in Stack current iteration: 17
Nodes in Stack current iteration: 17
Nodes in Stack current iteration: 17
Nodes in Stack current iteration: 17
Nodes in Stack current iteration: 17
Nodes in Stack current iteration: 17
Nodes in Stack current iteration: 17
Nodes in Stack current iteration: 17
Nodes in Stack current iteration: 17
Nodes in Stack current iteration: 17
Nodes in Stack current iteration: 17
Nodes in Stack current iteration: 17
Nodes in Stack current iteration: 17
Nodes in Stack current iteration: 18
Nodes in Stack current iteration: 18
Nodes in Stack current iteration: 18
Nodes in Stack current iteration: 18
Nodes in Stack current iteration: 18
Nodes in Stack current iteration: 18
Nodes in Stack current iteration: 18
Nodes in Stack current iteration: 18
Nodes in Stack current iteration: 18
Nodes in Stack current iteration: 18
Nodes in Stack current iteration: 18
Nodes in Stack current iteration: 18
Nodes in Stack current iteration: 18
Nodes in Stack current iteration: 18
Nodes in Stack current iteration: 18
Nodes in Stack current iteration: 18
Nodes in Stack current iteration: 18
Nodes in Stack current iteration: 18
Nodes in Stack current iteration: 18
Nodes in Stack current iteration: 18
Nodes in Stack current iteration: 18
Nodes in Stack current iteration: 18
Nodes in Stack current iteration: 18
Nodes in Stack current iteration: 18
Nodes in Stack current iteration: 18
Nodes in Stack current iteration: 18
Nodes in Stack current iteration: 18
Nodes in Stack current iteration: 18
Nodes in Stack current iteration: 18
Nodes in Stack current iteration: 18
Nodes in Stack current iteration: 18
Nodes in Stack current iteration: 18
Nodes in Stack current iteration: 19
Nodes in Stack current iteration: 19
Nodes in Stack current iteration: 19
Nodes in Stack current iteration: 19
Nodes in Stack current iteration: 19
Nodes in Stack current iteration: 19
Nodes in Stack current iteration: 19
Nodes in Stack current iteration: 19
Nodes in Stack current iteration: 19
Nodes in Stack current iteration: 19
Nodes in Stack current iteration: 19
Nodes in Stack current iteration: 19
Nodes in Stack current iteration: 19
Nodes in Stack current iteration: 19
Nodes in Stack current iteration: 18
Nodes in Stack current iteration: 18
Nodes in Stack current iteration: 18
Nodes in Stack current iteration: 18
Nodes in Stack current iteration: 18
Nodes in Stack current iteration: 18
Nodes in Stack current iteration: 18
Nodes in Stack current iteration: 18
Nodes in Stack current iteration: 18
Nodes in Stack current iteration: 18
Nodes in Stack current iteration: 19
Nodes in Stack current iteration: 19
Nodes in Stack current iteration: 19
Nodes in Stack current iteration: 19
Nodes in Stack current iteration: 19
Nodes in Stack current iteration: 19
Nodes in Stack current iteration: 19
Nodes in Stack current iteration: 19
Nodes in Stack current iteration: 19
Nodes in Stack current iteration: 19
Nodes in Stack current iteration: 19
Nodes in Stack current iteration: 19
Nodes in Stack current iteration: 19
Nodes in Stack current iteration: 19
Nodes in Stack current iteration: 20
Nodes in Stack current iteration: 20
Nodes in Stack current iteration: 20
Nodes in Stack current iteration: 20
Nodes in Stack current iteration: 20
Nodes in Stack current iteration: 21
Nodes in Stack current iteration: 21
Nodes in Stack current iteration: 21
Nodes in Stack current iteration: 22
Nodes in Stack current iteration: 23
Nodes in Stack current iteration: 23
Nodes in Stack current iteration: 23
Nodes in Stack current iteration: 23
Nodes in Stack current iteration: 23
Nodes in Stack current iteration: 23
Nodes in Stack current iteration: 23
Nodes in Stack current iteration: 22
Nodes in Stack current iteration: 21
Nodes in Stack current iteration: 21
Nodes in Stack current iteration: 21
Nodes in Stack current iteration: 21
Nodes in Stack current iteration: 21
Nodes in Stack current iteration: 21
Nodes in Stack current iteration: 21
Nodes in Stack current iteration: 21
Nodes in Stack current iteration: 21
Nodes in Stack current iteration: 21
Nodes in Stack current iteration: 21
Nodes in Stack current iteration: 21
Nodes in Stack current iteration: 21
Nodes in Stack current iteration: 21
Nodes in Stack current iteration: 21
Nodes in Stack current iteration: 21
Nodes in Stack current iteration: 21
Nodes in Stack current iteration: 21
Nodes in Stack current iteration: 21
Nodes in Stack current iteration: 21
Nodes in Stack current iteration: 21
Nodes in Stack current iteration: 21
Nodes in Stack current iteration: 21
Nodes in Stack current iteration: 21
Nodes in Stack current iteration: 21
Nodes in Stack current iteration: 21
Nodes in Stack current iteration: 21
Nodes in Stack current iteration: 21
Nodes in Stack current iteration: 21
Nodes in Stack current iteration: 22
Nodes in Stack current iteration: 23
Nodes in Stack current iteration: 23
Nodes in Stack current iteration: 22
Nodes in Stack current iteration: 22
Nodes in Stack current iteration: 23
Nodes in Stack current iteration: 23
Nodes in Stack current iteration: 23
Nodes in Stack current iteration: 23
Nodes in Stack current iteration: 22
Nodes in Stack current iteration: 22
Nodes in Stack current iteration: 22
Nodes in Stack current iteration: 22
Nodes in Stack current iteration: 22
Nodes in Stack current iteration: 22
Nodes in Stack current iteration: 22
Nodes in Stack current iteration: 22
Nodes in Stack current iteration: 22
Nodes in Stack current iteration: 22
Nodes in Stack current iteration: 22
Nodes in Stack current iteration: 22
Nodes in Stack current iteration: 23
Nodes in Stack current iteration: 23
Nodes in Stack current iteration: 22
Nodes in Stack current iteration: 22
Nodes in Stack current iteration: 22
Nodes in Stack current iteration: 22
Nodes in Stack current iteration: 22
Nodes in Stack current iteration: 22
Nodes in Stack current iteration: 22
Nodes in Stack current iteration: 22
Nodes in Stack current iteration: 22
Nodes in Stack current iteration: 22
Nodes in Stack current iteration: 22
Nodes in Stack current iteration: 22
Nodes in Stack current iteration: 22
Nodes in Stack current iteration: 22
Nodes in Stack current iteration: 22
Nodes in Stack current iteration: 22
Nodes in Stack current iteration: 22
Nodes in Stack current iteration: 22
Nodes in Stack current iteration: 22
Nodes in Stack current iteration: 22
Nodes in Stack current iteration: 22
Nodes in Stack current iteration: 22
Nodes in Stack current iteration: 22
Nodes in Stack current iteration: 22
Nodes in Stack current iteration: 22
Nodes in Stack current iteration: 22
Nodes in Stack current iteration: 22
Nodes in Stack current iteration: 22
Nodes in Stack current iteration: 22
Nodes in Stack current iteration: 22
Nodes in Stack current iteration: 22
Nodes in Stack current iteration: 22
Nodes in Stack current iteration: 22
Nodes in Stack current iteration: 22
Nodes in Stack current iteration: 22
Nodes in Stack current iteration: 22
Nodes in Stack current iteration: 22
Nodes in Stack current iteration: 22
Nodes in Stack current iteration: 22
Nodes in Stack current iteration: 23
Nodes in Stack current iteration: 24
Nodes in Stack current iteration: 24
Nodes in Stack current iteration: 23
Nodes in Stack current iteration: 23
Nodes in Stack current iteration: 23
Nodes in Stack current iteration: 23
Nodes in Stack current iteration: 22
Nodes in Stack current iteration: 21
Nodes in Stack current iteration: 20
Nodes in Stack current iteration: 19
Nodes in Stack current iteration: 19
Nodes in Stack current iteration: 19
Nodes in Stack current iteration: 19
Nodes in Stack current iteration: 18
Nodes in Stack current iteration: 18
Nodes in Stack current iteration: 17
Nodes in Stack current iteration: 17
Nodes in Stack current iteration: 16
Nodes in Stack current iteration: 16
Nodes in Stack current iteration: 16
Nodes in Stack current iteration: 16
Nodes in Stack current iteration: 16
Nodes in Stack current iteration: 16
Nodes in Stack current iteration: 16
Nodes in Stack current iteration: 16
Nodes in Stack current iteration: 15
Nodes in Stack current iteration: 14
Nodes in Stack current iteration: 14
Nodes in Stack current iteration: 14
Nodes in Stack current iteration: 14
Nodes in Stack current iteration: 14
Nodes in Stack current iteration: 14
Nodes in Stack current iteration: 14
Nodes in Stack current iteration: 14
Nodes in Stack current iteration: 14
Nodes in Stack current iteration: 14
Nodes in Stack current iteration: 14
Nodes in Stack current iteration: 14
Nodes in Stack current iteration: 14
Nodes in Stack current iteration: 14
Nodes in Stack current iteration: 14
Nodes in Stack current iteration: 14
Nodes in Stack current iteration: 14
Nodes in Stack current iteration: 14
Nodes in Stack current iteration: 14
Nodes in Stack current iteration: 14
Nodes in Stack current iteration: 13
Nodes in Stack current iteration: 13
Nodes in Stack current iteration: 12
Nodes in Stack current iteration: 12
Nodes in Stack current iteration: 11
Nodes in Stack current iteration: 11
Nodes in Stack current iteration: 11
Nodes in Stack current iteration: 11
Nodes in Stack current iteration: 11
Nodes in Stack current iteration: 11
Nodes in Stack current iteration: 11
Nodes in Stack current iteration: 11
Nodes in Stack current iteration: 11
Nodes in Stack current iteration: 11
Nodes in Stack current iteration: 12
Nodes in Stack current iteration: 12
Nodes in Stack current iteration: 12
Nodes in Stack current iteration: 13
Nodes in Stack current iteration: 13
Nodes in Stack current iteration: 13
Nodes in Stack current iteration: 13
Nodes in Stack current iteration: 13
Nodes in Stack current iteration: 13
Nodes in Stack current iteration: 13
Nodes in Stack current iteration: 13
Nodes in Stack current iteration: 13
Nodes in Stack current iteration: 14
Nodes in Stack current iteration: 14
Nodes in Stack current iteration: 14
Nodes in Stack current iteration: 14
Nodes in Stack current iteration: 15
Nodes in Stack current iteration: 15
Nodes in Stack current iteration: 15
Nodes in Stack current iteration: 15
Nodes in Stack current iteration: 15
Nodes in Stack current iteration: 15
Nodes in Stack current iteration: 15
Nodes in Stack current iteration: 15
Nodes in Stack current iteration: 15
Nodes in Stack current iteration: 16
Nodes in Stack current iteration: 17
Nodes in Stack current iteration: 17
Nodes in Stack current iteration: 17
Nodes in Stack current iteration: 17
Nodes in Stack current iteration: 17
Nodes in Stack current iteration: 17
Nodes in Stack current iteration: 17
Nodes in Stack current iteration: 17
Nodes in Stack current iteration: 17
Nodes in Stack current iteration: 17
Nodes in Stack current iteration: 17
Nodes in Stack current iteration: 17
Nodes in Stack current iteration: 18
Nodes in Stack current iteration: 18
Nodes in Stack current iteration: 17
Nodes in Stack current iteration: 17
Nodes in Stack current iteration: 17
Nodes in Stack current iteration: 18
Nodes in Stack current iteration: 18
Nodes in Stack current iteration: 18
Nodes in Stack current iteration: 18
Nodes in Stack current iteration: 18
Nodes in Stack current iteration: 18
Nodes in Stack current iteration: 18
Nodes in Stack current iteration: 18
Nodes in Stack current iteration: 18
Nodes in Stack current iteration: 18
Nodes in Stack current iteration: 18
Nodes in Stack current iteration: 18
Nodes in Stack current iteration: 18
Nodes in Stack current iteration: 18
Nodes in Stack current iteration: 18
Nodes in Stack current iteration: 18
Nodes in Stack current iteration: 18
Nodes in Stack current iteration: 18
Nodes in Stack current iteration: 18
Nodes in Stack current iteration: 18
Nodes in Stack current iteration: 18
Nodes in Stack current iteration: 18
Nodes in Stack current iteration: 18
Nodes in Stack current iteration: 18
Nodes in Stack current iteration: 18
Nodes in Stack current iteration: 18
Nodes in Stack current iteration: 19
Nodes in Stack current iteration: 20
Nodes in Stack current iteration: 20
Nodes in Stack current iteration: 19
Nodes in Stack current iteration: 19
Nodes in Stack current iteration: 19
Nodes in Stack current iteration: 19
Nodes in Stack current iteration: 19
Nodes in Stack current iteration: 19
Nodes in Stack current iteration: 19
Nodes in Stack current iteration: 19
Nodes in Stack current iteration: 20
Nodes in Stack current iteration: 20
Nodes in Stack current iteration: 21
Nodes in Stack current iteration: 22
Nodes in Stack current iteration: 22
Nodes in Stack current iteration: 22
Nodes in Stack current iteration: 22
Nodes in Stack current iteration: 22
Nodes in Stack current iteration: 21
Nodes in Stack current iteration: 20
Nodes in Stack current iteration: 20
Nodes in Stack current iteration: 19
Nodes in Stack current iteration: 19
Nodes in Stack current iteration: 19
Nodes in Stack current iteration: 19
Nodes in Stack current iteration: 19
Nodes in Stack current iteration: 19
Nodes in Stack current iteration: 20
Nodes in Stack current iteration: 20
Nodes in Stack current iteration: 21
Nodes in Stack current iteration: 21
Nodes in Stack current iteration: 21
Nodes in Stack current iteration: 21
Nodes in Stack current iteration: 20
Nodes in Stack current iteration: 20
Nodes in Stack current iteration: 20
Nodes in Stack current iteration: 20
Nodes in Stack current iteration: 21
Nodes in Stack current iteration: 21
Nodes in Stack current iteration: 21
Nodes in Stack current iteration: 21
Nodes in Stack current iteration: 21
Nodes in Stack current iteration: 21
Nodes in Stack current iteration: 21
Nodes in Stack current iteration: 21
Nodes in Stack current iteration: 21
Nodes in Stack current iteration: 21
Nodes in Stack current iteration: 21
Nodes in Stack current iteration: 21
Nodes in Stack current iteration: 22
Nodes in Stack current iteration: 22
Nodes in Stack current iteration: 22
Nodes in Stack current iteration: 22
Nodes in Stack current iteration: 22
Nodes in Stack current iteration: 22
Nodes in Stack current iteration: 22
Nodes in Stack current iteration: 22
Nodes in Stack current iteration: 22
Nodes in Stack current iteration: 22
Nodes in Stack current iteration: 22
Nodes in Stack current iteration: 22
Nodes in Stack current iteration: 22
Nodes in Stack current iteration: 22
Nodes in Stack current iteration: 21
Nodes in Stack current iteration: 21
Nodes in Stack current iteration: 21
Nodes in Stack current iteration: 21
Nodes in Stack current iteration: 21
Nodes in Stack current iteration: 21
Nodes in Stack current iteration: 20
Nodes in Stack current iteration: 20
Nodes in Stack current iteration: 21
Nodes in Stack current iteration: 21
Nodes in Stack current iteration: 21
Nodes in Stack current iteration: 21
Nodes in Stack current iteration: 20
Nodes in Stack current iteration: 20
Nodes in Stack current iteration: 20
Nodes in Stack current iteration: 20
Nodes in Stack current iteration: 19
Nodes in Stack current iteration: 19
Nodes in Stack current iteration: 19
Nodes in Stack current iteration: 19
Nodes in Stack current iteration: 19
Nodes in Stack current iteration: 19
Nodes in Stack current iteration: 19
Nodes in Stack current iteration: 19
Nodes in Stack current iteration: 20
Nodes in Stack current iteration: 20
Nodes in Stack current iteration: 21
Nodes in Stack current iteration: 21
Nodes in Stack current iteration: 21
Nodes in Stack current iteration: 21
Nodes in Stack current iteration: 21
Nodes in Stack current iteration: 21
Nodes in Stack current iteration: 22
Nodes in Stack current iteration: 22
Nodes in Stack current iteration: 22
Nodes in Stack current iteration: 22
Nodes in Stack current iteration: 22
Nodes in Stack current iteration: 22
Nodes in Stack current iteration: 22
Nodes in Stack current iteration: 22
Nodes in Stack current iteration: 22
Nodes in Stack current iteration: 22
Nodes in Stack current iteration: 22
Nodes in Stack current iteration: 22
Nodes in Stack current iteration: 22
Nodes in Stack current iteration: 22
Nodes in Stack current iteration: 22
Nodes in Stack current iteration: 22
Nodes in Stack current iteration: 22
Nodes in Stack current iteration: 22
Nodes in Stack current iteration: 22
Nodes in Stack current iteration: 22
Nodes in Stack current iteration: 22
Nodes in Stack current iteration: 22
Nodes in Stack current iteration: 22
Nodes in Stack current iteration: 22
Nodes in Stack current iteration: 22
Nodes in Stack current iteration: 23
Nodes in Stack current iteration: 23
Nodes in Stack current iteration: 23
Nodes in Stack current iteration: 23
Nodes in Stack current iteration: 23
Nodes in Stack current iteration: 23
Nodes in Stack current iteration: 23
Nodes in Stack current iteration: 23
Nodes in Stack current iteration: 23
Nodes in Stack current iteration: 23
Nodes in Stack current iteration: 23
Nodes in Stack current iteration: 23
Nodes in Stack current iteration: 23
Nodes in Stack current iteration: 23
Nodes in Stack current iteration: 23
Nodes in Stack current iteration: 23
Nodes in Stack current iteration: 23
Nodes in Stack current iteration: 23
Nodes in Stack current iteration: 23
Nodes in Stack current iteration: 23
Nodes in Stack current iteration: 23
Nodes in Stack current iteration: 23
Nodes in Stack current iteration: 23
Nodes in Stack current iteration: 23
Nodes in Stack current iteration: 23
Nodes in Stack current iteration: 23
Nodes in Stack current iteration: 23
Nodes in Stack current iteration: 23
Nodes in Stack current iteration: 23
Nodes in Stack current iteration: 22
Nodes in Stack current iteration: 21
Nodes in Stack current iteration: 21
Nodes in Stack current iteration: 21
Nodes in Stack current iteration: 21
Nodes in Stack current iteration: 20
Nodes in Stack current iteration: 20
Nodes in Stack current iteration: 20
Nodes in Stack current iteration: 20
Nodes in Stack current iteration: 20
Nodes in Stack current iteration: 20
Nodes in Stack current iteration: 20
Nodes in Stack current iteration: 20
Nodes in Stack current iteration: 20
Nodes in Stack current iteration: 20
Nodes in Stack current iteration: 20
Nodes in Stack current iteration: 20
Nodes in Stack current iteration: 20
Nodes in Stack current iteration: 20
Nodes in Stack current iteration: 20
Nodes in Stack current iteration: 20
Nodes in Stack current iteration: 21
Nodes in Stack current iteration: 21
Nodes in Stack current iteration: 20
Nodes in Stack current iteration: 20
Nodes in Stack current iteration: 20
Nodes in Stack current iteration: 20
Nodes in Stack current iteration: 20
Nodes in Stack current iteration: 20
Nodes in Stack current iteration: 20
Nodes in Stack current iteration: 20
Nodes in Stack current iteration: 20
Nodes in Stack current iteration: 20
Nodes in Stack current iteration: 20
Nodes in Stack current iteration: 20
Nodes in Stack current iteration: 21
Nodes in Stack current iteration: 21
Nodes in Stack current iteration: 21
Nodes in Stack current iteration: 21
Nodes in Stack current iteration: 21
Nodes in Stack current iteration: 21
Nodes in Stack current iteration: 21
Nodes in Stack current iteration: 21
Nodes in Stack current iteration: 21
Nodes in Stack current iteration: 21
Nodes in Stack current iteration: 21
Nodes in Stack current iteration: 21
Nodes in Stack current iteration: 21
Nodes in Stack current iteration: 21
Nodes in Stack current iteration: 21
Nodes in Stack current iteration: 21
Nodes in Stack current iteration: 21
Nodes in Stack current iteration: 21
Nodes in Stack current iteration: 22
Nodes in Stack current iteration: 22
Nodes in Stack current iteration: 22
Nodes in Stack current iteration: 22
Nodes in Stack current iteration: 22
Nodes in Stack current iteration: 22
Nodes in Stack current iteration: 23
Nodes in Stack current iteration: 23
Nodes in Stack current iteration: 23
Nodes in Stack current iteration: 23
Nodes in Stack current iteration: 23
Nodes in Stack current iteration: 23
Nodes in Stack current iteration: 24
Nodes in Stack current iteration: 24
Nodes in Stack current iteration: 24
Nodes in Stack current iteration: 24
Nodes in Stack current iteration: 24
Nodes in Stack current iteration: 24
Nodes in Stack current iteration: 24
Nodes in Stack current iteration: 24
Nodes in Stack current iteration: 24
Nodes in Stack current iteration: 24
Nodes in Stack current iteration: 24
Nodes in Stack current iteration: 24
Nodes in Stack current iteration: 24
Nodes in Stack current iteration: 24
Nodes in Stack current iteration: 23
Nodes in Stack current iteration: 23
Nodes in Stack current iteration: 24
Nodes in Stack current iteration: 24
Nodes in Stack current iteration: 24
Nodes in Stack current iteration: 24
Nodes in Stack current iteration: 24
Nodes in Stack current iteration: 24
Nodes in Stack current iteration: 25
Nodes in Stack current iteration: 25
Nodes in Stack current iteration: 25
Nodes in Stack current iteration: 25
Nodes in Stack current iteration: 25
Nodes in Stack current iteration: 25
Nodes in Stack current iteration: 25
Nodes in Stack current iteration: 25
Nodes in Stack current iteration: 25
Nodes in Stack current iteration: 25
Nodes in Stack current iteration: 26
Nodes in Stack current iteration: 27
Nodes in Stack current iteration: 27
Nodes in Stack current iteration: 27
Nodes in Stack current iteration: 27
Nodes in Stack current iteration: 27
Nodes in Stack current iteration: 27
Nodes in Stack current iteration: 27
Nodes in Stack current iteration: 27
Nodes in Stack current iteration: 27
Nodes in Stack current iteration: 28
Nodes in Stack current iteration: 28
Nodes in Stack current iteration: 28
Nodes in Stack current iteration: 28
Nodes in Stack current iteration: 28
Nodes in Stack current iteration: 28
Nodes in Stack current iteration: 28
Nodes in Stack current iteration: 28
Nodes in Stack current iteration: 28
Nodes in Stack current iteration: 28
Nodes in Stack current iteration: 28
Nodes in Stack current iteration: 28
Nodes in Stack current iteration: 28
Nodes in Stack current iteration: 28
Nodes in Stack current iteration: 28
Nodes in Stack current iteration: 28
Nodes in Stack current iteration: 28
Nodes in Stack current iteration: 28
Nodes in Stack current iteration: 28
Nodes in Stack current iteration: 28
Nodes in Stack current iteration: 29
Nodes in Stack current iteration: 29
Nodes in Stack current iteration: 29
Nodes in Stack current iteration: 29
Nodes in Stack current iteration: 29
Nodes in Stack current iteration: 29
Nodes in Stack current iteration: 29
Nodes in Stack current iteration: 29
Nodes in Stack current iteration: 29
Nodes in Stack current iteration: 29
Nodes in Stack current iteration: 29
Nodes in Stack current iteration: 29
Nodes in Stack current iteration: 29
Nodes in Stack current iteration: 29
Nodes in Stack current iteration: 29
Nodes in Stack current iteration: 29
Nodes in Stack current iteration: 29
Nodes in Stack current iteration: 29
Nodes in Stack current iteration: 29
Nodes in Stack current iteration: 29
Nodes in Stack current iteration: 29
Nodes in Stack current iteration: 29
Nodes in Stack current iteration: 29
Nodes in Stack current iteration: 29
Nodes in Stack current iteration: 29
Nodes in Stack current iteration: 29
Nodes in Stack current iteration: 29
Nodes in Stack current iteration: 29
Nodes in Stack current iteration: 30
Nodes in Stack current iteration: 30
Nodes in Stack current iteration: 29
Nodes in Stack current iteration: 29
Nodes in Stack current iteration: 29
Nodes in Stack current iteration: 29
Nodes in Stack current iteration: 29
Nodes in Stack current iteration: 29
Nodes in Stack current iteration: 29
Nodes in Stack current iteration: 29
Nodes in Stack current iteration: 29
Nodes in Stack current iteration: 29
Nodes in Stack current iteration: 29
Nodes in Stack current iteration: 29
Nodes in Stack current iteration: 29
Nodes in Stack current iteration: 29
Nodes in Stack current iteration: 29
Nodes in Stack current iteration: 29
Nodes in Stack current iteration: 29
Nodes in Stack current iteration: 29
Nodes in Stack current iteration: 29
Nodes in Stack current iteration: 29
Nodes in Stack current iteration: 29
Nodes in Stack current iteration: 29
Nodes in Stack current iteration: 29
Nodes in Stack current iteration: 29
Nodes in Stack current iteration: 29
Nodes in Stack current iteration: 29
Nodes in Stack current iteration: 29
Nodes in Stack current iteration: 29
Nodes in Stack current iteration: 29
Nodes in Stack current iteration: 29
Nodes in Stack current iteration: 29
Nodes in Stack current iteration: 29
Nodes in Stack current iteration: 29
Nodes in Stack current iteration: 29
Nodes in Stack current iteration: 29
Nodes in Stack current iteration: 29
Nodes in Stack current iteration: 29
Nodes in Stack current iteration: 29
Nodes in Stack current iteration: 29
Nodes in Stack current iteration: 29
Nodes in Stack current iteration: 29
Nodes in Stack current iteration: 29
Nodes in Stack current iteration: 29
Nodes in Stack current iteration: 29
Nodes in Stack current iteration: 29
Nodes in Stack current iteration: 29
Nodes in Stack current iteration: 30
Nodes in Stack current iteration: 30
Nodes in Stack current iteration: 30
Nodes in Stack current iteration: 30
Nodes in Stack current iteration: 30
Nodes in Stack current iteration: 31
Nodes in Stack current iteration: 32
Nodes in Stack current iteration: 32
Nodes in Stack current iteration: 32
Nodes in Stack current iteration: 32
Nodes in Stack current iteration: 33
Nodes in Stack current iteration: 33
Nodes in Stack current iteration: 32
Nodes in Stack current iteration: 32
Nodes in Stack current iteration: 32
Nodes in Stack current iteration: 32
Nodes in Stack current iteration: 32
Nodes in Stack current iteration: 33
Nodes in Stack current iteration: 33
Nodes in Stack current iteration: 33
Nodes in Stack current iteration: 33
Nodes in Stack current iteration: 33
Nodes in Stack current iteration: 33
Nodes in Stack current iteration: 33
Nodes in Stack current iteration: 33
Nodes in Stack current iteration: 33
Nodes in Stack current iteration: 33
Nodes in Stack current iteration: 33
Nodes in Stack current iteration: 34
Nodes in Stack current iteration: 34
Nodes in Stack current iteration: 34
Nodes in Stack current iteration: 34
Nodes in Stack current iteration: 34
Nodes in Stack current iteration: 34
Nodes in Stack current iteration: 34
Nodes in Stack current iteration: 34
Nodes in Stack current iteration: 34
Nodes in Stack current iteration: 34
Nodes in Stack current iteration: 34
Nodes in Stack current iteration: 34
Nodes in Stack current iteration: 34
Nodes in Stack current iteration: 34
Nodes in Stack current iteration: 34
Nodes in Stack current iteration: 34
Nodes in Stack current iteration: 34
Nodes in Stack current iteration: 34
Nodes in Stack current iteration: 34
Nodes in Stack current iteration: 35
Nodes in Stack current iteration: 36
Nodes in Stack current iteration: 36
Nodes in Stack current iteration: 36
Nodes in Stack current iteration: 36
Nodes in Stack current iteration: 36
Nodes in Stack current iteration: 36
Nodes in Stack current iteration: 36
Nodes in Stack current iteration: 36
Nodes in Stack current iteration: 36
Nodes in Stack current iteration: 36
Nodes in Stack current iteration: 36
Nodes in Stack current iteration: 36
Nodes in Stack current iteration: 36
Nodes in Stack current iteration: 36
Nodes in Stack current iteration: 36
Nodes in Stack current iteration: 36
Nodes in Stack current iteration: 36
Nodes in Stack current iteration: 36
Nodes in Stack current iteration: 36
Nodes in Stack current iteration: 36
Nodes in Stack current iteration: 36
Nodes in Stack current iteration: 37
Nodes in Stack current iteration: 37
Nodes in Stack current iteration: 37
Nodes in Stack current iteration: 38
Nodes in Stack current iteration: 38
Nodes in Stack current iteration: 38
Nodes in Stack current iteration: 38
Nodes in Stack current iteration: 37
Nodes in Stack current iteration: 37
Nodes in Stack current iteration: 37
Nodes in Stack current iteration: 37
Nodes in Stack current iteration: 37
Nodes in Stack current iteration: 37
Nodes in Stack current iteration: 37
Nodes in Stack current iteration: 37
Nodes in Stack current iteration: 37
Nodes in Stack current iteration: 37
Nodes in Stack current iteration: 37
Nodes in Stack current iteration: 37
Nodes in Stack current iteration: 38
Nodes in Stack current iteration: 39
Nodes in Stack current iteration: 39
Nodes in Stack current iteration: 39
Nodes in Stack current iteration: 39
Nodes in Stack current iteration: 39
Nodes in Stack current iteration: 39
Nodes in Stack current iteration: 39
Nodes in Stack current iteration: 40
Nodes in Stack current iteration: 40
Nodes in Stack current iteration: 40
Nodes in Stack current iteration: 40
Nodes in Stack current iteration: 40
Nodes in Stack current iteration: 40
Nodes in Stack current iteration: 40
Nodes in Stack current iteration: 41
Nodes in Stack current iteration: 42
Nodes in Stack current iteration: 42
Nodes in Stack current iteration: 42
Nodes in Stack current iteration: 42
Nodes in Stack current iteration: 41
Nodes in Stack current iteration: 41
Nodes in Stack current iteration: 41
Nodes in Stack current iteration: 41
Nodes in Stack current iteration: 41
Nodes in Stack current iteration: 41
Nodes in Stack current iteration: 41
Nodes in Stack current iteration: 41
Nodes in Stack current iteration: 41
Nodes in Stack current iteration: 41
Nodes in Stack current iteration: 41
Nodes in Stack current iteration: 41
Nodes in Stack current iteration: 41
Nodes in Stack current iteration: 41
Nodes in Stack current iteration: 41
Nodes in Stack current iteration: 41
Nodes in Stack current iteration: 41
Nodes in Stack current iteration: 41
Nodes in Stack current iteration: 41
Nodes in Stack current iteration: 41
Nodes in Stack current iteration: 42
Nodes in Stack current iteration: 42
Nodes in Stack current iteration: 42
Nodes in Stack current iteration: 42
Nodes in Stack current iteration: 42
Nodes in Stack current iteration: 42
Nodes in Stack current iteration: 42
Nodes in Stack current iteration: 42
Nodes in Stack current iteration: 42
Nodes in Stack current iteration: 42
Nodes in Stack current iteration: 42
Nodes in Stack current iteration: 42
Nodes in Stack current iteration: 43
Nodes in Stack current iteration: 43
Nodes in Stack current iteration: 43
Nodes in Stack current iteration: 43
Nodes in Stack current iteration: 43
Nodes in Stack current iteration: 44
Nodes in Stack current iteration: 44
Nodes in Stack current iteration: 44
Nodes in Stack current iteration: 44
Nodes in Stack current iteration: 44
Nodes in Stack current iteration: 43
Nodes in Stack current iteration: 42
Nodes in Stack current iteration: 42
Nodes in Stack current iteration: 42
Nodes in Stack current iteration: 42
Nodes in Stack current iteration: 42
Nodes in Stack current iteration: 42
Nodes in Stack current iteration: 42
Nodes in Stack current iteration: 43
Nodes in Stack current iteration: 43
Nodes in Stack current iteration: 43
Nodes in Stack current iteration: 43
Nodes in Stack current iteration: 43
Nodes in Stack current iteration: 43
Nodes in Stack current iteration: 43
Nodes in Stack current iteration: 43
Nodes in Stack current iteration: 43
Nodes in Stack current iteration: 43
Nodes in Stack current iteration: 43
Nodes in Stack current iteration: 43
Nodes in Stack current iteration: 43
Nodes in Stack current iteration: 43
Nodes in Stack current iteration: 43
Nodes in Stack current iteration: 43
Nodes in Stack current iteration: 43
Nodes in Stack current iteration: 44
Nodes in Stack current iteration: 44
Nodes in Stack current iteration: 44
Nodes in Stack current iteration: 44
Nodes in Stack current iteration: 44
Nodes in Stack current iteration: 44
Nodes in Stack current iteration: 44
Nodes in Stack current iteration: 44
Nodes in Stack current iteration: 44
Nodes in Stack current iteration: 44
Nodes in Stack current iteration: 44
Nodes in Stack current iteration: 44
Nodes in Stack current iteration: 44
Nodes in Stack current iteration: 44
Nodes in Stack current iteration: 44
Nodes in Stack current iteration: 44
Nodes in Stack current iteration: 44
Nodes in Stack current iteration: 44
Nodes in Stack current iteration: 44
Nodes in Stack current iteration: 45
Nodes in Stack current iteration: 45
Nodes in Stack current iteration: 45
Nodes in Stack current iteration: 46
Nodes in Stack current iteration: 46
Nodes in Stack current iteration: 46
Nodes in Stack current iteration: 46
Nodes in Stack current iteration: 46
Nodes in Stack current iteration: 46
Nodes in Stack current iteration: 46
Nodes in Stack current iteration: 46
Nodes in Stack current iteration: 47
Nodes in Stack current iteration: 47
Nodes in Stack current iteration: 47
Nodes in Stack current iteration: 47
Nodes in Stack current iteration: 47
Nodes in Stack current iteration: 47
Nodes in Stack current iteration: 47
Nodes in Stack current iteration: 47
Nodes in Stack current iteration: 47
Nodes in Stack current iteration: 47
Nodes in Stack current iteration: 47
Nodes in Stack current iteration: 47
Nodes in Stack current iteration: 47
Nodes in Stack current iteration: 47
Nodes in Stack current iteration: 47
Nodes in Stack current iteration: 47
Nodes in Stack current iteration: 47
Nodes in Stack current iteration: 47
Nodes in Stack current iteration: 47
Nodes in Stack current iteration: 47
Nodes in Stack current iteration: 47
Nodes in Stack current iteration: 47
Nodes in Stack current iteration: 47
Nodes in Stack current iteration: 47
Nodes in Stack current iteration: 46
Nodes in Stack current iteration: 46
Nodes in Stack current iteration: 46
Nodes in Stack current iteration: 46
Nodes in Stack current iteration: 45
Nodes in Stack current iteration: 45
Nodes in Stack current iteration: 45
Nodes in Stack current iteration: 45
Nodes in Stack current iteration: 46
Nodes in Stack current iteration: 46
Nodes in Stack current iteration: 45
Nodes in Stack current iteration: 45
Nodes in Stack current iteration: 45
Nodes in Stack current iteration: 45
Nodes in Stack current iteration: 44
Nodes in Stack current iteration: 43
Nodes in Stack current iteration: 43
Nodes in Stack current iteration: 43
Nodes in Stack current iteration: 43
Nodes in Stack current iteration: 43
Nodes in Stack current iteration: 43
Nodes in Stack current iteration: 43
Nodes in Stack current iteration: 43
Nodes in Stack current iteration: 43
Nodes in Stack current iteration: 43
Nodes in Stack current iteration: 43
Nodes in Stack current iteration: 43
Nodes in Stack current iteration: 43
Nodes in Stack current iteration: 43
Nodes in Stack current iteration: 44
Nodes in Stack current iteration: 45
Nodes in Stack current iteration: 45
Nodes in Stack current iteration: 45
Nodes in Stack current iteration: 44
Nodes in Stack current iteration: 43
Nodes in Stack current iteration: 43
Nodes in Stack current iteration: 43
Nodes in Stack current iteration: 43
Nodes in Stack current iteration: 43
Nodes in Stack current iteration: 43
Nodes in Stack current iteration: 43
Nodes in Stack current iteration: 43
Nodes in Stack current iteration: 42
Nodes in Stack current iteration: 41
Nodes in Stack current iteration: 41
Nodes in Stack current iteration: 41
Nodes in Stack current iteration: 41
Nodes in Stack current iteration: 41
Nodes in Stack current iteration: 41
Nodes in Stack current iteration: 40
Nodes in Stack current iteration: 39
Nodes in Stack current iteration: 39
Nodes in Stack current iteration: 39
Nodes in Stack current iteration: 39
Nodes in Stack current iteration: 39
Nodes in Stack current iteration: 39
Nodes in Stack current iteration: 38
Nodes in Stack current iteration: 37
Nodes in Stack current iteration: 37
Nodes in Stack current iteration: 37
Nodes in Stack current iteration: 37
Nodes in Stack current iteration: 37
Nodes in Stack current iteration: 37
Nodes in Stack current iteration: 37
Nodes in Stack current iteration: 37
Nodes in Stack current iteration: 37
Nodes in Stack current iteration: 38
Nodes in Stack current iteration: 38
Nodes in Stack current iteration: 38
Nodes in Stack current iteration: 38
Nodes in Stack current iteration: 38
Nodes in Stack current iteration: 38
Nodes in Stack current iteration: 38
Nodes in Stack current iteration: 38
Nodes in Stack current iteration: 38
Nodes in Stack current iteration: 38
Nodes in Stack current iteration: 38
Nodes in Stack current iteration: 37
Nodes in Stack current iteration: 36
Nodes in Stack current iteration: 35
Nodes in Stack current iteration: 35
Nodes in Stack current iteration: 36
Nodes in Stack current iteration: 36
Nodes in Stack current iteration: 36
Nodes in Stack current iteration: 36
Nodes in Stack current iteration: 36
Nodes in Stack current iteration: 36
Nodes in Stack current iteration: 37
Nodes in Stack current iteration: 37
Nodes in Stack current iteration: 37
Nodes in Stack current iteration: 38
Nodes in Stack current iteration: 38
Nodes in Stack current iteration: 38
Nodes in Stack current iteration: 38
Nodes in Stack current iteration: 38
Nodes in Stack current iteration: 38
Nodes in Stack current iteration: 38
Nodes in Stack current iteration: 39
Nodes in Stack current iteration: 39
Nodes in Stack current iteration: 39
Nodes in Stack current iteration: 39
Nodes in Stack current iteration: 40
Nodes in Stack current iteration: 40
Nodes in Stack current iteration: 40
Nodes in Stack current iteration: 40
Nodes in Stack current iteration: 40
Nodes in Stack current iteration: 40
Nodes in Stack current iteration: 40
Nodes in Stack current iteration: 40
Nodes in Stack current iteration: 40
Nodes in Stack current iteration: 40
Nodes in Stack current iteration: 40
Nodes in Stack current iteration: 40
Nodes in Stack current iteration: 40
Nodes in Stack current iteration: 40
Nodes in Stack current iteration: 40
Nodes in Stack current iteration: 40
Nodes in Stack current iteration: 40
Nodes in Stack current iteration: 40
Nodes in Stack current iteration: 40
Nodes in Stack current iteration: 40
Nodes in Stack current iteration: 39
Nodes in Stack current iteration: 39
Nodes in Stack current iteration: 38
Nodes in Stack current iteration: 38
Nodes in Stack current iteration: 38
Nodes in Stack current iteration: 38
Nodes in Stack current iteration: 39
Nodes in Stack current iteration: 40
Nodes in Stack current iteration: 40
Nodes in Stack current iteration: 40
Nodes in Stack current iteration: 40
Nodes in Stack current iteration: 40
Nodes in Stack current iteration: 40
Nodes in Stack current iteration: 40
Nodes in Stack current iteration: 40
Nodes in Stack current iteration: 40
Nodes in Stack current iteration: 40
Nodes in Stack current iteration: 40
Nodes in Stack current iteration: 40
Nodes in Stack current iteration: 40
Nodes in Stack current iteration: 41
Nodes in Stack current iteration: 42
Nodes in Stack current iteration: 42
Nodes in Stack current iteration: 42
Nodes in Stack current iteration: 42
Nodes in Stack current iteration: 42
Nodes in Stack current iteration: 42
Nodes in Stack current iteration: 42
Nodes in Stack current iteration: 42
Nodes in Stack current iteration: 42
Nodes in Stack current iteration: 42
Nodes in Stack current iteration: 42
Nodes in Stack current iteration: 42
Nodes in Stack current iteration: 42
Nodes in Stack current iteration: 42
Nodes in Stack current iteration: 42
Nodes in Stack current iteration: 42
Nodes in Stack current iteration: 42
Nodes in Stack current iteration: 42
Nodes in Stack current iteration: 42
Nodes in Stack current iteration: 42
Nodes in Stack current iteration: 42
Nodes in Stack current iteration: 42
Nodes in Stack current iteration: 42
Nodes in Stack current iteration: 42
Nodes in Stack current iteration: 42
Nodes in Stack current iteration: 42
Nodes in Stack current iteration: 42
Nodes in Stack current iteration: 42
Nodes in Stack current iteration: 42
Nodes in Stack current iteration: 41
Nodes in Stack current iteration: 40
Nodes in Stack current iteration: 40
Nodes in Stack current iteration: 39
Nodes in Stack current iteration: 38
Nodes in Stack current iteration: 38
Nodes in Stack current iteration: 38
Nodes in Stack current iteration: 38
Nodes in Stack current iteration: 39
Nodes in Stack current iteration: 39
Nodes in Stack current iteration: 39
Nodes in Stack current iteration: 39
Nodes in Stack current iteration: 39
Nodes in Stack current iteration: 39
Nodes in Stack current iteration: 39
Nodes in Stack current iteration: 39
Nodes in Stack current iteration: 38
Nodes in Stack current iteration: 38
Nodes in Stack current iteration: 38
Nodes in Stack current iteration: 38
Nodes in Stack current iteration: 38
Nodes in Stack current iteration: 38
Nodes in Stack current iteration: 38
Nodes in Stack current iteration: 38
Nodes in Stack current iteration: 38
Nodes in Stack current iteration: 38
Nodes in Stack current iteration: 38
Nodes in Stack current iteration: 38
Nodes in Stack current iteration: 38
Nodes in Stack current iteration: 38
Nodes in Stack current iteration: 38
Nodes in Stack current iteration: 38
Nodes in Stack current iteration: 38
Nodes in Stack current iteration: 38
Nodes in Stack current iteration: 37
Nodes in Stack current iteration: 36
Nodes in Stack current iteration: 36
Nodes in Stack current iteration: 36
Nodes in Stack current iteration: 36
Nodes in Stack current iteration: 36
Nodes in Stack current iteration: 36
Nodes in Stack current iteration: 36
Nodes in Stack current iteration: 36
Nodes in Stack current iteration: 35
Nodes in Stack current iteration: 35
Nodes in Stack current iteration: 35
Nodes in Stack current iteration: 35
Nodes in Stack current iteration: 35
Nodes in Stack current iteration: 35
Nodes in Stack current iteration: 35
Nodes in Stack current iteration: 35
Nodes in Stack current iteration: 35
Nodes in Stack current iteration: 35
Nodes in Stack current iteration: 35
Nodes in Stack current iteration: 35
Nodes in Stack current iteration: 35
Nodes in Stack current iteration: 35
Nodes in Stack current iteration: 35
Nodes in Stack current iteration: 35
Nodes in Stack current iteration: 35
Nodes in Stack current iteration: 35
Nodes in Stack current iteration: 36
Nodes in Stack current iteration: 36
Nodes in Stack current iteration: 36
Nodes in Stack current iteration: 36
Nodes in Stack current iteration: 36
Nodes in Stack current iteration: 36
Nodes in Stack current iteration: 36
Nodes in Stack current iteration: 36
Nodes in Stack current iteration: 36
Nodes in Stack current iteration: 36
Nodes in Stack current iteration: 36
Nodes in Stack current iteration: 36
Nodes in Stack current iteration: 36
Nodes in Stack current iteration: 36
Nodes in Stack current iteration: 36
Nodes in Stack current iteration: 36
Nodes in Stack current iteration: 36
Nodes in Stack current iteration: 36
Nodes in Stack current iteration: 37
Nodes in Stack current iteration: 38
Nodes in Stack current iteration: 38
Nodes in Stack current iteration: 38
Nodes in Stack current iteration: 37
Nodes in Stack current iteration: 37
Nodes in Stack current iteration: 38
Nodes in Stack current iteration: 38
Nodes in Stack current iteration: 39
Nodes in Stack current iteration: 39
Nodes in Stack current iteration: 39
Nodes in Stack current iteration: 39
Nodes in Stack current iteration: 39
Nodes in Stack current iteration: 39
Nodes in Stack current iteration: 39
Nodes in Stack current iteration: 39
Nodes in Stack current iteration: 39
Nodes in Stack current iteration: 39
Nodes in Stack current iteration: 39
Nodes in Stack current iteration: 39
Nodes in Stack current iteration: 39
Nodes in Stack current iteration: 39
Nodes in Stack current iteration: 39
Nodes in Stack current iteration: 39
Nodes in Stack current iteration: 39
Nodes in Stack current iteration: 39
Nodes in Stack current iteration: 39
Nodes in Stack current iteration: 39
Nodes in Stack current iteration: 39
Nodes in Stack current iteration: 39
Nodes in Stack current iteration: 39
Nodes in Stack current iteration: 39
Nodes in Stack current iteration: 39
Nodes in Stack current iteration: 39
Nodes in Stack current iteration: 39
Nodes in Stack current iteration: 39
Nodes in Stack current iteration: 39
Nodes in Stack current iteration: 39
[...]
Nodes in Stack current iteration: 83
Nodes in Stack current iteration: 83
Nodes in Stack current iteration: 83
Nodes in Stack current iteration: 83
Nodes in Stack current iteration: 83
Nodes in Stack current iteration: 84
Nodes in Stack current iteration: 84
Nodes in Stack current iteration: 83
Nodes in Stack current iteration: 83
Nodes in Stack current iteration: 83
Nodes in Stack current iteration: 83
Nodes in Stack current iteration: 82
Nodes in Stack current iteration: 82
Nodes in Stack current iteration: 81
Nodes in Stack current iteration: 81
Nodes in Stack current iteration: 81
Nodes in Stack current iteration: 81
Nodes in Stack current iteration: 81
Nodes in Stack current iteration: 82
Nodes in Stack current iteration: 82
Nodes in Stack current iteration: 82
Nodes in Stack current iteration: 82
Nodes in Stack current iteration: 82
Nodes in Stack current iteration: 81
Nodes in Stack current iteration: 80
Nodes in Stack current iteration: 80
Nodes in Stack current iteration: 80
Nodes in Stack current iteration: 80
Nodes in Stack current iteration: 81
Nodes in Stack current iteration: 81
Nodes in Stack current iteration: 82
Nodes in Stack current iteration: 82
Nodes in Stack current iteration: 82
Nodes in Stack current iteration: 82
Nodes in Stack current iteration: 82
Nodes in Stack current iteration: 82
Nodes in Stack current iteration: 83
Nodes in Stack current iteration: 83
Nodes in Stack current iteration: 83
Nodes in Stack current iteration: 83
Nodes in Stack current iteration: 83
Nodes in Stack current iteration: 83
Nodes in Stack current iteration: 83
Nodes in Stack current iteration: 83
Nodes in Stack current iteration: 83
Nodes in Stack current iteration: 83
Nodes in Stack current iteration: 83
Nodes in Stack current iteration: 83
Nodes in Stack current iteration: 82
Nodes in Stack current iteration: 82
Nodes in Stack current iteration: 82
Nodes in Stack current iteration: 82
Nodes in Stack current iteration: 82
Nodes in Stack current iteration: 82
Nodes in Stack current iteration: 82
Nodes in Stack current iteration: 82
Nodes in Stack current iteration: 81
Nodes in Stack current iteration: 81
Nodes in Stack current iteration: 80
Nodes in Stack current iteration: 80
Nodes in Stack current iteration: 80
Nodes in Stack current iteration: 80
Nodes in Stack current iteration: 79
Nodes in Stack current iteration: 79
Nodes in Stack current iteration: 79
Nodes in Stack current iteration: 79
Nodes in Stack current iteration: 79
Nodes in Stack current iteration: 79
Nodes in Stack current iteration: 79
Nodes in Stack current iteration: 80
Nodes in Stack current iteration: 81
Nodes in Stack current iteration: 81
Nodes in Stack current iteration: 82
Nodes in Stack current iteration: 82
Nodes in Stack current iteration: 82
Nodes in Stack current iteration: 82
Nodes in Stack current iteration: 82
Nodes in Stack current iteration: 82
Nodes in Stack current iteration: 82
Nodes in Stack current iteration: 82
Nodes in Stack current iteration: 83
Nodes in Stack current iteration: 83
Nodes in Stack current iteration: 82
Nodes in Stack current iteration: 82
Nodes in Stack current iteration: 82
Nodes in Stack current iteration: 83
Nodes in Stack current iteration: 84
Nodes in Stack current iteration: 84
Nodes in Stack current iteration: 84
Nodes in Stack current iteration: 84
Nodes in Stack current iteration: 84
Nodes in Stack current iteration: 84
Nodes in Stack current iteration: 84
Nodes in Stack current iteration: 84
Nodes in Stack current iteration: 83
Nodes in Stack current iteration: 83
Nodes in Stack current iteration: 83
Nodes in Stack current iteration: 83
Nodes in Stack current iteration: 82
Nodes in Stack current iteration: 81
Nodes in Stack current iteration: 81
Nodes in Stack current iteration: 81
Nodes in Stack current iteration: 81
Nodes in Stack current iteration: 81
Nodes in Stack current iteration: 81
Nodes in Stack current iteration: 80
Nodes in Stack current iteration: 80
Nodes in Stack current iteration: 80
Nodes in Stack current iteration: 80
Nodes in Stack current iteration: 80
Nodes in Stack current iteration: 80
Nodes in Stack current iteration: 80
Nodes in Stack current iteration: 80
Nodes in Stack current iteration: 80
Nodes in Stack current iteration: 80
Nodes in Stack current iteration: 79
Nodes in Stack current iteration: 78
Nodes in Stack current iteration: 78
Nodes in Stack current iteration: 79
Nodes in Stack current iteration: 80
Nodes in Stack current iteration: 80
Nodes in Stack current iteration: 80
Nodes in Stack current iteration: 80
Nodes in Stack current iteration: 80
Nodes in Stack current iteration: 80
Nodes in Stack current iteration: 80
Nodes in Stack current iteration: 80
Nodes in Stack current iteration: 80
Nodes in Stack current iteration: 80
Nodes in Stack current iteration: 81
Nodes in Stack current iteration: 81
Nodes in Stack current iteration: 81
Nodes in Stack current iteration: 82
Nodes in Stack current iteration: 82
Nodes in Stack current iteration: 82
Nodes in Stack current iteration: 82
Nodes in Stack current iteration: 82
Nodes in Stack current iteration: 83
Nodes in Stack current iteration: 84
Nodes in Stack current iteration: 84
Nodes in Stack current iteration: 84
Nodes in Stack current iteration: 84
Nodes in Stack current iteration: 84
Nodes in Stack current iteration: 84
Nodes in Stack current iteration: 84
Nodes in Stack current iteration: 84
Nodes in Stack current iteration: 84
Nodes in Stack current iteration: 84
Nodes in Stack current iteration: 84
Nodes in Stack current iteration: 84
Nodes in Stack current iteration: 84
Nodes in Stack current iteration: 84
Nodes in Stack current iteration: 84
Nodes in Stack current iteration: 84
Nodes in Stack current iteration: 84
Nodes in Stack current iteration: 84
Nodes in Stack current iteration: 84
Nodes in Stack current iteration: 84
Nodes in Stack current iteration: 84
Nodes in Stack current iteration: 84
Nodes in Stack current iteration: 83
Nodes in Stack current iteration: 83
Nodes in Stack current iteration: 83
Nodes in Stack current iteration: 83
Nodes in Stack current iteration: 82
Nodes in Stack current iteration: 81
Nodes in Stack current iteration: 81
Nodes in Stack current iteration: 80
Nodes in Stack current iteration: 79
Nodes in Stack current iteration: 78
Nodes in Stack current iteration: 78
Nodes in Stack current iteration: 78
Nodes in Stack current iteration: 78
Nodes in Stack current iteration: 78
Nodes in Stack current iteration: 78
Nodes in Stack current iteration: 78
Nodes in Stack current iteration: 78
Nodes in Stack current iteration: 78
Nodes in Stack current iteration: 78
Nodes in Stack current iteration: 79
Nodes in Stack current iteration: 80
Nodes in Stack current iteration: 80
Nodes in Stack current iteration: 80
Nodes in Stack current iteration: 80
Nodes in Stack current iteration: 80
Nodes in Stack current iteration: 80
Nodes in Stack current iteration: 80
Nodes in Stack current iteration: 80
Nodes in Stack current iteration: 80
Nodes in Stack current iteration: 80
Nodes in Stack current iteration: 80
Nodes in Stack current iteration: 81
Nodes in Stack current iteration: 82
Nodes in Stack current iteration: 82
Nodes in Stack current iteration: 82
Nodes in Stack current iteration: 82
Nodes in Stack current iteration: 82
Nodes in Stack current iteration: 82
Nodes in Stack current iteration: 82
Nodes in Stack current iteration: 82
Nodes in Stack current iteration: 82
Nodes in Stack current iteration: 82
Nodes in Stack current iteration: 82
Nodes in Stack current iteration: 82
Nodes in Stack current iteration: 82
Nodes in Stack current iteration: 82
Nodes in Stack current iteration: 82
Nodes in Stack current iteration: 82
Nodes in Stack current iteration: 82
Nodes in Stack current iteration: 82
Nodes in Stack current iteration: 82
Nodes in Stack current iteration: 82
Nodes in Stack current iteration: 82
Nodes in Stack current iteration: 81
Nodes in Stack current iteration: 80
Nodes in Stack current iteration: 80
Nodes in Stack current iteration: 80
Nodes in Stack current iteration: 80
Nodes in Stack current iteration: 80
Nodes in Stack current iteration: 80
Nodes in Stack current iteration: 80
Nodes in Stack current iteration: 80
Nodes in Stack current iteration: 81
Nodes in Stack current iteration: 81
Nodes in Stack current iteration: 81
Nodes in Stack current iteration: 81
Nodes in Stack current iteration: 81
Nodes in Stack current iteration: 81
Nodes in Stack current iteration: 81
Nodes in Stack current iteration: 81
Nodes in Stack current iteration: 80
Nodes in Stack current iteration: 80
Nodes in Stack current iteration: 80
Nodes in Stack current iteration: 80
Nodes in Stack current iteration: 80
Nodes in Stack current iteration: 80
Nodes in Stack current iteration: 80
Nodes in Stack current iteration: 80
Nodes in Stack current iteration: 80
Nodes in Stack current iteration: 80
Nodes in Stack current iteration: 80
Nodes in Stack current iteration: 80
Nodes in Stack current iteration: 80
Nodes in Stack current iteration: 80
Nodes in Stack current iteration: 80
Nodes in Stack current iteration: 80
Nodes in Stack current iteration: 81
Nodes in Stack current iteration: 81
Nodes in Stack current iteration: 82
Nodes in Stack current iteration: 82
Nodes in Stack current iteration: 82
Nodes in Stack current iteration: 82
Nodes in Stack current iteration: 83
Nodes in Stack current iteration: 83
Nodes in Stack current iteration: 83
Nodes in Stack current iteration: 83
Nodes in Stack current iteration: 83
Nodes in Stack current iteration: 83
Nodes in Stack current iteration: 84
Nodes in Stack current iteration: 84
Nodes in Stack current iteration: 84
Nodes in Stack current iteration: 84
Nodes in Stack current iteration: 84
Nodes in Stack current iteration: 84
Nodes in Stack current iteration: 84
Nodes in Stack current iteration: 84
Nodes in Stack current iteration: 84
Nodes in Stack current iteration: 84
Nodes in Stack current iteration: 84
Nodes in Stack current iteration: 85
Nodes in Stack current iteration: 85
Nodes in Stack current iteration: 85
Nodes in Stack current iteration: 86
Nodes in Stack current iteration: 86
Nodes in Stack current iteration: 86
Nodes in Stack current iteration: 86
Nodes in Stack current iteration: 86
Nodes in Stack current iteration: 86
Nodes in Stack current iteration: 86
Nodes in Stack current iteration: 87
Nodes in Stack current iteration: 87
Nodes in Stack current iteration: 87
Nodes in Stack current iteration: 88
Nodes in Stack current iteration: 89
Nodes in Stack current iteration: 89
Nodes in Stack current iteration: 89
Nodes in Stack current iteration: 89
Nodes in Stack current iteration: 89
Nodes in Stack current iteration: 89
Nodes in Stack current iteration: 89
Nodes in Stack current iteration: 89
Nodes in Stack current iteration: 89
Nodes in Stack current iteration: 89
Nodes in Stack current iteration: 89
Nodes in Stack current iteration: 89
Nodes in Stack current iteration: 89
Nodes in Stack current iteration: 89
Nodes in Stack current iteration: 90
Nodes in Stack current iteration: 91
Nodes in Stack current iteration: 91
Nodes in Stack current iteration: 91
Nodes in Stack current iteration: 92
Nodes in Stack current iteration: 92
Nodes in Stack current iteration: 92
Nodes in Stack current iteration: 93
Nodes in Stack current iteration: 93
Nodes in Stack current iteration: 92
Nodes in Stack current iteration: 92
Nodes in Stack current iteration: 92
Nodes in Stack current iteration: 92
Nodes in Stack current iteration: 91
Nodes in Stack current iteration: 90
Nodes in Stack current iteration: 90
Nodes in Stack current iteration: 90
Nodes in Stack current iteration: 90
Nodes in Stack current iteration: 89
Nodes in Stack current iteration: 88
Nodes in Stack current iteration: 87
Nodes in Stack current iteration: 87
Nodes in Stack current iteration: 86
Nodes in Stack current iteration: 85
Nodes in Stack current iteration: 85
Nodes in Stack current iteration: 84
Nodes in Stack current iteration: 83
Nodes in Stack current iteration: 83
Nodes in Stack current iteration: 83
Nodes in Stack current iteration: 83
Nodes in Stack current iteration: 83
Nodes in Stack current iteration: 83
Nodes in Stack current iteration: 83
Nodes in Stack current iteration: 83
Nodes in Stack current iteration: 83
Nodes in Stack current iteration: 83
Nodes in Stack current iteration: 82
Nodes in Stack current iteration: 82
Nodes in Stack current iteration: 81
Nodes in Stack current iteration: 81
Nodes in Stack current iteration: 80
Nodes in Stack current iteration: 80
Nodes in Stack current iteration: 80
Nodes in Stack current iteration: 80
Nodes in Stack current iteration: 80
Nodes in Stack current iteration: 81
Nodes in Stack current iteration: 81
Nodes in Stack current iteration: 81
Nodes in Stack current iteration: 81
Nodes in Stack current iteration: 81
Nodes in Stack current iteration: 80
Nodes in Stack current iteration: 79
Nodes in Stack current iteration: 78
Nodes in Stack current iteration: 78
Nodes in Stack current iteration: 78
Nodes in Stack current iteration: 78
Nodes in Stack current iteration: 77
Nodes in Stack current iteration: 76
Nodes in Stack current iteration: 76
Nodes in Stack current iteration: 76
Nodes in Stack current iteration: 76
Nodes in Stack current iteration: 76
Nodes in Stack current iteration: 76
Nodes in Stack current iteration: 76
Nodes in Stack current iteration: 76
Nodes in Stack current iteration: 76
Nodes in Stack current iteration: 76
Nodes in Stack current iteration: 76
Nodes in Stack current iteration: 76
Nodes in Stack current iteration: 76
Nodes in Stack current iteration: 76
Nodes in Stack current iteration: 75
Nodes in Stack current iteration: 74
Nodes in Stack current iteration: 74
Nodes in Stack current iteration: 74
Nodes in Stack current iteration: 74
Nodes in Stack current iteration: 74
Nodes in Stack current iteration: 74
Nodes in Stack current iteration: 74
Nodes in Stack current iteration: 74
Nodes in Stack current iteration: 74
Nodes in Stack current iteration: 74
Nodes in Stack current iteration: 74
Nodes in Stack current iteration: 74
Nodes in Stack current iteration: 74
Nodes in Stack current iteration: 74
Nodes in Stack current iteration: 74
Nodes in Stack current iteration: 74
Nodes in Stack current iteration: 74
Nodes in Stack current iteration: 74
Nodes in Stack current iteration: 74
Nodes in Stack current iteration: 74
Nodes in Stack current iteration: 74
Nodes in Stack current iteration: 74
Nodes in Stack current iteration: 74
Nodes in Stack current iteration: 74
Nodes in Stack current iteration: 73
Nodes in Stack current iteration: 73
Nodes in Stack current iteration: 72
Nodes in Stack current iteration: 72
Nodes in Stack current iteration: 72
Nodes in Stack current iteration: 72
Nodes in Stack current iteration: 71
Nodes in Stack current iteration: 71
Nodes in Stack current iteration: 71
Nodes in Stack current iteration: 71
Nodes in Stack current iteration: 71
Nodes in Stack current iteration: 71
Nodes in Stack current iteration: 71
Nodes in Stack current iteration: 71
Nodes in Stack current iteration: 72
Nodes in Stack current iteration: 72
Nodes in Stack current iteration: 71
Nodes in Stack current iteration: 71
Nodes in Stack current iteration: 71
Nodes in Stack current iteration: 71
Nodes in Stack current iteration: 71
Nodes in Stack current iteration: 71
Nodes in Stack current iteration: 71
Nodes in Stack current iteration: 71
Nodes in Stack current iteration: 71
Nodes in Stack current iteration: 71
Nodes in Stack current iteration: 71
Nodes in Stack current iteration: 71
Nodes in Stack current iteration: 71
Nodes in Stack current iteration: 72
Nodes in Stack current iteration: 72
Nodes in Stack current iteration: 72
Nodes in Stack current iteration: 72
Nodes in Stack current iteration: 72
Nodes in Stack current iteration: 71
Nodes in Stack current iteration: 70
Nodes in Stack current iteration: 70
Nodes in Stack current iteration: 70
Nodes in Stack current iteration: 70
Nodes in Stack current iteration: 70
Nodes in Stack current iteration: 70
Nodes in Stack current iteration: 70
Nodes in Stack current iteration: 70
Nodes in Stack current iteration: 70
Nodes in Stack current iteration: 70
Nodes in Stack current iteration: 70
Nodes in Stack current iteration: 70
Nodes in Stack current iteration: 70
Nodes in Stack current iteration: 70
Nodes in Stack current iteration: 70
Nodes in Stack current iteration: 70
Nodes in Stack current iteration: 70
Nodes in Stack current iteration: 70
Nodes in Stack current iteration: 70
Nodes in Stack current iteration: 70
Nodes in Stack current iteration: 70
Nodes in Stack current iteration: 71
Nodes in Stack current iteration: 71
Nodes in Stack current iteration: 71
Nodes in Stack current iteration: 71
Nodes in Stack current iteration: 71
Nodes in Stack current iteration: 71
Nodes in Stack current iteration: 71
Nodes in Stack current iteration: 71
Nodes in Stack current iteration: 71
Nodes in Stack current iteration: 71
Nodes in Stack current iteration: 71
Nodes in Stack current iteration: 71
Nodes in Stack current iteration: 71
Nodes in Stack current iteration: 71
Nodes in Stack current iteration: 71
Nodes in Stack current iteration: 71
Nodes in Stack current iteration: 72
Nodes in Stack current iteration: 73
Nodes in Stack current iteration: 73
Nodes in Stack current iteration: 73
Nodes in Stack current iteration: 73
Nodes in Stack current iteration: 72
Nodes in Stack current iteration: 72
Nodes in Stack current iteration: 72
Nodes in Stack current iteration: 72
Nodes in Stack current iteration: 72
Nodes in Stack current iteration: 72
Nodes in Stack current iteration: 72
Nodes in Stack current iteration: 72
Nodes in Stack current iteration: 72
Nodes in Stack current iteration: 72
Nodes in Stack current iteration: 72
Nodes in Stack current iteration: 72
Nodes in Stack current iteration: 72
Nodes in Stack current iteration: 72
Nodes in Stack current iteration: 71
Nodes in Stack current iteration: 70
Nodes in Stack current iteration: 69
Nodes in Stack current iteration: 68
Nodes in Stack current iteration: 68
Nodes in Stack current iteration: 68
Nodes in Stack current iteration: 68
Nodes in Stack current iteration: 67
Nodes in Stack current iteration: 66
Nodes in Stack current iteration: 66
Nodes in Stack current iteration: 65
Nodes in Stack current iteration: 64
Nodes in Stack current iteration: 64
Nodes in Stack current iteration: 64
Nodes in Stack current iteration: 63
Nodes in Stack current iteration: 62
Nodes in Stack current iteration: 61
Nodes in Stack current iteration: 61
Nodes in Stack current iteration: 61
Nodes in Stack current iteration: 61
Nodes in Stack current iteration: 61
Nodes in Stack current iteration: 61
Nodes in Stack current iteration: 61
Nodes in Stack current iteration: 61
Nodes in Stack current iteration: 61
Nodes in Stack current iteration: 61
Nodes in Stack current iteration: 61
Nodes in Stack current iteration: 61
Nodes in Stack current iteration: 61
Nodes in Stack current iteration: 61
Nodes in Stack current iteration: 61
Nodes in Stack current iteration: 61
Nodes in Stack current iteration: 60
Nodes in Stack current iteration: 59
Nodes in Stack current iteration: 58
Nodes in Stack current iteration: 58
Nodes in Stack current iteration: 58
Nodes in Stack current iteration: 58
Nodes in Stack current iteration: 58
Nodes in Stack current iteration: 59
Nodes in Stack current iteration: 59
Nodes in Stack current iteration: 59
Nodes in Stack current iteration: 59
Nodes in Stack current iteration: 59
Nodes in Stack current iteration: 59
Nodes in Stack current iteration: 59
Nodes in Stack current iteration: 59
Nodes in Stack current iteration: 59
Nodes in Stack current iteration: 58
Nodes in Stack current iteration: 57
Nodes in Stack current iteration: 56
Nodes in Stack current iteration: 55
Nodes in Stack current iteration: 55
Total Nodes Traversed: 9524
Max Stack Size: 95
]]></system-out>
  <system-err><![CDATA[]]></system-err>
</testsuite>
